[ 2015-04-29T01:16:48+08:00 ] 127.0.0.1 /order/code/index.php/Home/Order/modifyInfo/oid/13.html
INFO: [ app_init ] --START--
INFO: Run Behavior\BuildLiteBehavior [ RunTime:0.000039s ]
INFO: [ app_init ] --END-- [ RunTime:0.000950s ]

[ 2015-04-29T01:18:37+08:00 ] 127.0.0.1 /order/code/index.php/Home/Order/modifyInfo/oid/13.html
INFO: [ app_init ] --START--
INFO: Run Behavior\BuildLiteBehavior [ RunTime:0.000025s ]
INFO: [ app_init ] --END-- [ RunTime:0.000664s ]

[ 2015-04-29T01:18:42+08:00 ] 127.0.0.1 /order/code/index.php/Home/Order/modifyInfo/oid/12.html
INFO: [ app_init ] --START--
INFO: Run Behavior\BuildLiteBehavior [ RunTime:0.000033s ]
INFO: [ app_init ] --END-- [ RunTime:0.000702s ]

[ 2015-04-29T01:19:09+08:00 ] 127.0.0.1 /order/code/index.php/Home/Order/modifyInfo/oid/12.html
INFO: [ app_init ] --START--
INFO: Run Behavior\BuildLiteBehavior [ RunTime:0.000020s ]
INFO: [ app_init ] --END-- [ RunTime:0.000948s ]

[ 2015-04-29T01:19:22+08:00 ] 127.0.0.1 /order/code/index.php/Home/Order/modifyInfo/oid/12.html
INFO: [ app_init ] --START--
INFO: Run Behavior\BuildLiteBehavior [ RunTime:0.000017s ]
INFO: [ app_init ] --END-- [ RunTime:0.000382s ]

[ 2015-04-29T01:20:58+08:00 ] 127.0.0.1 /order/code/index.php/Home/Order/modifyInfo/12.html
INFO: [ app_init ] --START--
INFO: Run Behavior\BuildLiteBehavior [ RunTime:0.000029s ]
INFO: [ app_init ] --END-- [ RunTime:0.001208s ]

[ 2015-04-29T01:21:16+08:00 ] 127.0.0.1 /order/code/index.php/Home/Order/modifyInfo/12.html
INFO: [ app_init ] --START--
INFO: Run Behavior\BuildLiteBehavior [ RunTime:0.000032s ]
INFO: [ app_init ] --END-- [ RunTime:0.000883s ]

[ 2015-04-29T01:21:22+08:00 ] 127.0.0.1 /order/code/index.php/Home/Order/orderItemInfo/12/add
INFO: [ app_init ] --START--
INFO: Run Behavior\BuildLiteBehavior [ RunTime:0.000028s ]
INFO: [ app_init ] --END-- [ RunTime:0.000635s ]
ERR: Think\Controller:assgin方法不存在！

[ 2015-04-29T01:22:27+08:00 ] 127.0.0.1 /order/code/index.php/Home/Order/orderItemInfo/12/add
INFO: [ app_init ] --START--
INFO: Run Behavior\BuildLiteBehavior [ RunTime:0.000027s ]
INFO: [ app_init ] --END-- [ RunTime:0.000627s ]

[ 2015-04-29T01:22:40+08:00 ] 127.0.0.1 /order/code/index.php/Home/Order/orderItemInfoEvent/
INFO: [ app_init ] --START--
INFO: Run Behavior\BuildLiteBehavior [ RunTime:0.000019s ]
INFO: [ app_init ] --END-- [ RunTime:0.000473s ]
ERR: SQLSTATE[42S02]: Base table or view not found: 1146 Table 'order.order_item' doesn't exist

[ 2015-04-29T01:42:03+08:00 ] 127.0.0.1 /order/code/index.php/Home/Order/orderItemInfoEvent/
INFO: [ app_init ] --START--
INFO: Run Behavior\BuildLiteBehavior [ RunTime:0.000020s ]
INFO: [ app_init ] --END-- [ RunTime:0.000482s ]
ERR: Think\Model:getModifyInfo方法不存在！

[ 2015-04-29T01:42:13+08:00 ] 127.0.0.1 /order/code/index.php/Home/Order/orderItemInfoEvent/
INFO: [ app_init ] --START--
INFO: Run Behavior\BuildLiteBehavior [ RunTime:0.000020s ]
INFO: [ app_init ] --END-- [ RunTime:0.000518s ]

[ 2015-04-29T01:42:40+08:00 ] 127.0.0.1 /order/code/index.php/Home/Order/orderItemInfo/12/add
INFO: [ app_init ] --START--
INFO: Run Behavior\BuildLiteBehavior [ RunTime:0.000030s ]
INFO: [ app_init ] --END-- [ RunTime:0.000543s ]

[ 2015-04-29T01:42:53+08:00 ] 127.0.0.1 /order/code/index.php/Home/Order/orderItemInfoEvent/
INFO: [ app_init ] --START--
INFO: Run Behavior\BuildLiteBehavior [ RunTime:0.000031s ]
INFO: [ app_init ] --END-- [ RunTime:0.000761s ]

[ 2015-04-29T01:43:03+08:00 ] 127.0.0.1 /order/code/index.php/Home/Order/orderItemInfoEvent/
INFO: [ app_init ] --START--
INFO: Run Behavior\BuildLiteBehavior [ RunTime:0.000024s ]
INFO: [ app_init ] --END-- [ RunTime:0.000496s ]

[ 2015-04-29T01:43:58+08:00 ] 127.0.0.1 /order/code/index.php/Home/Order/orderItemInfoEvent/
INFO: [ app_init ] --START--
INFO: Run Behavior\BuildLiteBehavior [ RunTime:0.000031s ]
INFO: [ app_init ] --END-- [ RunTime:0.000556s ]

[ 2015-04-29T01:44:01+08:00 ] 127.0.0.1 /order/code/index.php/Home/Order/orderItemInfo/12/add
INFO: [ app_init ] --START--
INFO: Run Behavior\BuildLiteBehavior [ RunTime:0.000031s ]
INFO: [ app_init ] --END-- [ RunTime:0.000618s ]

[ 2015-04-29T01:44:09+08:00 ] 127.0.0.1 /order/code/index.php/Home/Order/orderItemInfoEvent/$/
INFO: [ app_init ] --START--
INFO: Run Behavior\BuildLiteBehavior [ RunTime:0.000037s ]
INFO: [ app_init ] --END-- [ RunTime:0.001014s ]

[ 2015-04-29T01:44:29+08:00 ] 127.0.0.1 /order/code/index.php/Home/Order/orderItemInfo/12/add
INFO: [ app_init ] --START--
INFO: Run Behavior\BuildLiteBehavior [ RunTime:0.000018s ]
INFO: [ app_init ] --END-- [ RunTime:0.000398s ]

[ 2015-04-29T01:45:31+08:00 ] 127.0.0.1 /order/code/index.php/Home/Order/orderItemInfo/12/add
INFO: [ app_init ] --START--
INFO: Run Behavior\BuildLiteBehavior [ RunTime:0.000017s ]
INFO: [ app_init ] --END-- [ RunTime:0.000492s ]

[ 2015-04-29T01:45:55+08:00 ] 127.0.0.1 /order/code/index.php/Home/Order/orderItemInfo/12/add
INFO: [ app_init ] --START--
INFO: Run Behavior\BuildLiteBehavior [ RunTime:0.000016s ]
INFO: [ app_init ] --END-- [ RunTime:0.000360s ]

[ 2015-04-29T01:46:02+08:00 ] 127.0.0.1 /order/code/index.php/Home/Order/orderItemInfo/12/add
INFO: [ app_init ] --START--
INFO: Run Behavior\BuildLiteBehavior [ RunTime:0.000016s ]
INFO: [ app_init ] --END-- [ RunTime:0.000361s ]

[ 2015-04-29T01:46:20+08:00 ] 127.0.0.1 /order/code/index.php/Home/Order/orderItemInfo/12/add
INFO: [ app_init ] --START--
INFO: Run Behavior\BuildLiteBehavior [ RunTime:0.000031s ]
INFO: [ app_init ] --END-- [ RunTime:0.000673s ]

[ 2015-04-29T01:48:36+08:00 ] 127.0.0.1 /order/code/index.php/Home/Order/orderItemInfo/12/add
INFO: [ app_init ] --START--
INFO: Run Behavior\BuildLiteBehavior [ RunTime:0.000071s ]
INFO: [ app_init ] --END-- [ RunTime:0.001636s ]

[ 2015-04-29T01:50:58+08:00 ] 127.0.0.1 /order/code/index.php/Home/Order/orderItemInfo/12/add
INFO: [ app_init ] --START--
INFO: Run Behavior\BuildLiteBehavior [ RunTime:0.000026s ]
INFO: [ app_init ] --END-- [ RunTime:0.000508s ]

[ 2015-04-29T01:51:07+08:00 ] 127.0.0.1 /order/code/index.php/Home/Order/orderItemInfoEvent/12/
INFO: [ app_init ] --START--
INFO: Run Behavior\BuildLiteBehavior [ RunTime:0.000022s ]
INFO: [ app_init ] --END-- [ RunTime:0.000487s ]

[ 2015-04-29T01:51:51+08:00 ] 127.0.0.1 /order/code/index.php/Home/Order/orderItemInfo/12/add
INFO: [ app_init ] --START--
INFO: Run Behavior\BuildLiteBehavior [ RunTime:0.000018s ]
INFO: [ app_init ] --END-- [ RunTime:0.000389s ]

[ 2015-04-29T01:52:03+08:00 ] 127.0.0.1 /order/code/index.php/Home/Order/orderItemInfo/12/add
INFO: [ app_init ] --START--
INFO: Run Behavior\BuildLiteBehavior [ RunTime:0.000016s ]
INFO: [ app_init ] --END-- [ RunTime:0.000337s ]

[ 2015-04-29T01:52:11+08:00 ] 127.0.0.1 /order/code/index.php/Home/Order/orderItemInfoEvent/12/add
INFO: [ app_init ] --START--
INFO: Run Behavior\BuildLiteBehavior [ RunTime:0.000038s ]
INFO: [ app_init ] --END-- [ RunTime:0.001834s ]

[ 2015-04-29T01:52:20+08:00 ] 127.0.0.1 /order/code/index.php/Home/Order/orderItemInfoEvent/12/add
INFO: [ app_init ] --START--
INFO: Run Behavior\BuildLiteBehavior [ RunTime:0.000021s ]
INFO: [ app_init ] --END-- [ RunTime:0.000473s ]

[ 2015-04-29T01:52:56+08:00 ] 127.0.0.1 /order/code/index.php/Home/Order/orderItemInfoEvent/12/add
INFO: [ app_init ] --START--
INFO: Run Behavior\BuildLiteBehavior [ RunTime:0.000025s ]
INFO: [ app_init ] --END-- [ RunTime:0.000471s ]

[ 2015-04-29T01:53:06+08:00 ] 127.0.0.1 /order/code/index.php/Home/Order/orderItemInfo/12/add
INFO: [ app_init ] --START--
INFO: Run Behavior\BuildLiteBehavior [ RunTime:0.000034s ]
INFO: [ app_init ] --END-- [ RunTime:0.000724s ]

[ 2015-04-29T01:53:15+08:00 ] 127.0.0.1 /order/code/index.php/Home/Order/orderItemInfoEvent/12/add
INFO: [ app_init ] --START--
INFO: Run Behavior\BuildLiteBehavior [ RunTime:0.000017s ]
INFO: [ app_init ] --END-- [ RunTime:0.000357s ]

[ 2015-04-29T01:53:20+08:00 ] 127.0.0.1 /order/code/index.php/Home/Order/orderItemInfoEvent/12/10
INFO: [ app_init ] --START--
INFO: Run Behavior\BuildLiteBehavior [ RunTime:0.000018s ]
INFO: [ app_init ] --END-- [ RunTime:0.000399s ]

[ 2015-04-29T01:53:24+08:00 ] 127.0.0.1 /order/code/index.php/Home/Order/orderItemInfoEvent/12/10
INFO: [ app_init ] --START--
INFO: Run Behavior\BuildLiteBehavior [ RunTime:0.000019s ]
INFO: [ app_init ] --END-- [ RunTime:0.000431s ]

[ 2015-04-29T01:53:29+08:00 ] 127.0.0.1 /order/code/index.php/Home/Order/orderItemInfoEvent/12/10
INFO: [ app_init ] --START--
INFO: Run Behavior\BuildLiteBehavior [ RunTime:0.000018s ]
INFO: [ app_init ] --END-- [ RunTime:0.000418s ]

[ 2015-04-29T01:53:33+08:00 ] 127.0.0.1 /order/code/index.php/Home/Order/orderItemInfoEvent/12/10
INFO: [ app_init ] --START--
INFO: Run Behavior\BuildLiteBehavior [ RunTime:0.000018s ]
INFO: [ app_init ] --END-- [ RunTime:0.000435s ]

[ 2015-04-29T01:53:57+08:00 ] 127.0.0.1 /order/code/index.php/Home/Order/orderItemInfoEvent/12/add
INFO: [ app_init ] --START--
INFO: Run Behavior\BuildLiteBehavior [ RunTime:0.000025s ]
INFO: [ app_init ] --END-- [ RunTime:0.000459s ]

[ 2015-04-29T01:55:04+08:00 ] 127.0.0.1 /order/code/index.php/Home/Order/orderItemInfoEvent/12/add
INFO: [ app_init ] --START--
INFO: Run Behavior\BuildLiteBehavior [ RunTime:0.000039s ]
INFO: [ app_init ] --END-- [ RunTime:0.001120s ]

[ 2015-04-29T01:55:14+08:00 ] 127.0.0.1 /order/code/index.php/Home/Order/orderItemInfoEvent/12/add
INFO: [ app_init ] --START--
INFO: Run Behavior\BuildLiteBehavior [ RunTime:0.000052s ]
INFO: [ app_init ] --END-- [ RunTime:0.001760s ]

[ 2015-04-29T01:55:48+08:00 ] 127.0.0.1 /order/code/index.php/Home/Order/orderItemInfoEvent/12/add
INFO: [ app_init ] --START--
INFO: Run Behavior\BuildLiteBehavior [ RunTime:0.000020s ]
INFO: [ app_init ] --END-- [ RunTime:0.000430s ]

[ 2015-04-29T01:55:53+08:00 ] 127.0.0.1 /order/code/index.php/Home/Order/orderItemInfo/12/add
INFO: [ app_init ] --START--
INFO: Run Behavior\BuildLiteBehavior [ RunTime:0.000019s ]
INFO: [ app_init ] --END-- [ RunTime:0.000451s ]

[ 2015-04-29T01:56:00+08:00 ] 127.0.0.1 /order/code/index.php/Home/Order/orderItemInfoEvent/12/add
INFO: [ app_init ] --START--
INFO: Run Behavior\BuildLiteBehavior [ RunTime:0.000028s ]
INFO: [ app_init ] --END-- [ RunTime:0.000473s ]

[ 2015-04-29T01:56:20+08:00 ] 127.0.0.1 /order/code/index.php/Home/Order/orderItemInfoEvent/12/add
INFO: [ app_init ] --START--
INFO: Run Behavior\BuildLiteBehavior [ RunTime:0.000028s ]
INFO: [ app_init ] --END-- [ RunTime:0.000490s ]

[ 2015-04-29T01:56:22+08:00 ] 127.0.0.1 /order/code/index.php/Home/Order/modifyInfo/12.html
INFO: [ app_init ] --START--
INFO: Run Behavior\BuildLiteBehavior [ RunTime:0.000032s ]
INFO: [ app_init ] --END-- [ RunTime:0.000679s ]

[ 2015-04-29T01:56:52+08:00 ] 127.0.0.1 /order/code/index.php/Home/Order/modifyInfo/12.html
INFO: [ app_init ] --START--
INFO: Run Behavior\BuildLiteBehavior [ RunTime:0.000028s ]
INFO: [ app_init ] --END-- [ RunTime:0.000634s ]

[ 2015-04-29T01:56:58+08:00 ] 127.0.0.1 /order/code/index.php/Home/Order/orderItemInfo/12/add
INFO: [ app_init ] --START--
INFO: Run Behavior\BuildLiteBehavior [ RunTime:0.000080s ]
INFO: [ app_init ] --END-- [ RunTime:0.001241s ]

[ 2015-04-29T01:57:05+08:00 ] 127.0.0.1 /order/code/index.php/Home/Order/orderItemInfoEvent/12/add
INFO: [ app_init ] --START--
INFO: Run Behavior\BuildLiteBehavior [ RunTime:0.000039s ]
INFO: [ app_init ] --END-- [ RunTime:0.000736s ]

[ 2015-04-29T01:57:07+08:00 ] 127.0.0.1 /order/code/index.php/Home/Order/modifyInfo/12.html
INFO: [ app_init ] --START--
INFO: Run Behavior\BuildLiteBehavior [ RunTime:0.000021s ]
INFO: [ app_init ] --END-- [ RunTime:0.000795s ]

[ 2015-04-29T01:57:17+08:00 ] 127.0.0.1 /order/code/index.php/Home/Order/orderItemInfo/12/add
INFO: [ app_init ] --START--
INFO: Run Behavior\BuildLiteBehavior [ RunTime:0.000019s ]
INFO: [ app_init ] --END-- [ RunTime:0.000421s ]

[ 2015-04-29T01:57:22+08:00 ] 127.0.0.1 /order/code/index.php/Home/Order/orderItemInfoEvent/12/add
INFO: [ app_init ] --START--
INFO: Run Behavior\BuildLiteBehavior [ RunTime:0.000034s ]
INFO: [ app_init ] --END-- [ RunTime:0.001182s ]

[ 2015-04-29T01:57:25+08:00 ] 127.0.0.1 /order/code/index.php/Home/Order/modifyInfo/12.html
INFO: [ app_init ] --START--
INFO: Run Behavior\BuildLiteBehavior [ RunTime:0.000019s ]
INFO: [ app_init ] --END-- [ RunTime:0.000476s ]

