[ 2015-04-17T13:39:04+08:00 ] 127.0.0.1 /order/code/
INFO: [ app_init ] --START--
INFO: Run Behavior\BuildLiteBehavior [ RunTime:0.000049s ]
INFO: [ app_init ] --END-- [ RunTime:0.013292s ]

[ 2015-04-17T13:39:11+08:00 ] 127.0.0.1 /order/code/Home/Item
INFO: [ app_init ] --START--
INFO: Run Behavior\BuildLiteBehavior [ RunTime:0.000024s ]
INFO: [ app_init ] --END-- [ RunTime:0.000571s ]

[ 2015-04-17T13:39:49+08:00 ] 127.0.0.1 /order/code/Home/Item
INFO: [ app_init ] --START--
INFO: Run Behavior\BuildLiteBehavior [ RunTime:0.000029s ]
INFO: [ app_init ] --END-- [ RunTime:0.000657s ]

[ 2015-04-17T13:40:07+08:00 ] 127.0.0.1 /order/code/Home/Item
INFO: [ app_init ] --START--
INFO: Run Behavior\BuildLiteBehavior [ RunTime:0.000018s ]
INFO: [ app_init ] --END-- [ RunTime:0.000350s ]

[ 2015-04-17T13:40:15+08:00 ] 127.0.0.1 /order/code/Home/Order
INFO: [ app_init ] --START--
INFO: Run Behavior\BuildLiteBehavior [ RunTime:0.000032s ]
INFO: [ app_init ] --END-- [ RunTime:0.000574s ]

[ 2015-04-17T13:41:55+08:00 ] 127.0.0.1 /order/code/Home/Order
INFO: [ app_init ] --START--
INFO: Run Behavior\BuildLiteBehavior [ RunTime:0.000030s ]
INFO: [ app_init ] --END-- [ RunTime:0.000618s ]

[ 2015-04-17T13:51:28+08:00 ] 127.0.0.1 /order/code/Home/Order/orderinfo
INFO: [ app_init ] --START--
INFO: Run Behavior\BuildLiteBehavior [ RunTime:0.000086s ]
INFO: [ app_init ] --END-- [ RunTime:0.001273s ]

[ 2015-04-17T13:51:36+08:00 ] 127.0.0.1 /order/code/Home/Order/orderInfo
INFO: [ app_init ] --START--
INFO: Run Behavior\BuildLiteBehavior [ RunTime:0.000030s ]
INFO: [ app_init ] --END-- [ RunTime:0.000585s ]

[ 2015-04-17T13:52:44+08:00 ] 127.0.0.1 /order/code/Home/Order/orderInfo
INFO: [ app_init ] --START--
INFO: Run Behavior\BuildLiteBehavior [ RunTime:0.000030s ]
INFO: [ app_init ] --END-- [ RunTime:0.000671s ]

[ 2015-04-17T13:54:14+08:00 ] 127.0.0.1 /order/code/Home/Order/orderInfo
INFO: [ app_init ] --START--
INFO: Run Behavior\BuildLiteBehavior [ RunTime:0.000029s ]
INFO: [ app_init ] --END-- [ RunTime:0.000725s ]

[ 2015-04-17T13:56:22+08:00 ] 127.0.0.1 /order/code/Home/Order/orderInfo
INFO: [ app_init ] --START--
INFO: Run Behavior\BuildLiteBehavior [ RunTime:0.000027s ]
INFO: [ app_init ] --END-- [ RunTime:0.000609s ]

[ 2015-04-17T13:56:29+08:00 ] 127.0.0.1 /order/code/Home/Order/
INFO: [ app_init ] --START--
INFO: Run Behavior\BuildLiteBehavior [ RunTime:0.000023s ]
INFO: [ app_init ] --END-- [ RunTime:0.000492s ]

[ 2015-04-17T13:56:56+08:00 ] 127.0.0.1 /order/code/Home/Order/
INFO: [ app_init ] --START--
INFO: Run Behavior\BuildLiteBehavior [ RunTime:0.000030s ]
INFO: [ app_init ] --END-- [ RunTime:0.000669s ]

[ 2015-04-17T13:58:41+08:00 ] 127.0.0.1 /order/code/Home/Order/
INFO: [ app_init ] --START--
INFO: Run Behavior\BuildLiteBehavior [ RunTime:0.000031s ]
INFO: [ app_init ] --END-- [ RunTime:0.000693s ]

[ 2015-04-17T13:58:49+08:00 ] 127.0.0.1 /order/code/Home/Order/
INFO: [ app_init ] --START--
INFO: Run Behavior\BuildLiteBehavior [ RunTime:0.000029s ]
INFO: [ app_init ] --END-- [ RunTime:0.000835s ]

[ 2015-04-17T13:59:56+08:00 ] 127.0.0.1 /order/code/Home/Order/
INFO: [ app_init ] --START--
INFO: Run Behavior\BuildLiteBehavior [ RunTime:0.000029s ]
INFO: [ app_init ] --END-- [ RunTime:0.000578s ]
ERR: Think\Controller:toArray方法不存在！

[ 2015-04-17T14:01:04+08:00 ] 127.0.0.1 /order/code/Home/Order/
INFO: [ app_init ] --START--
INFO: Run Behavior\BuildLiteBehavior [ RunTime:0.000030s ]
INFO: [ app_init ] --END-- [ RunTime:0.000670s ]

[ 2015-04-17T14:01:57+08:00 ] 127.0.0.1 /order/code/Home/Order/
INFO: [ app_init ] --START--
INFO: Run Behavior\BuildLiteBehavior [ RunTime:0.000056s ]
INFO: [ app_init ] --END-- [ RunTime:0.001374s ]

[ 2015-04-17T14:02:30+08:00 ] 127.0.0.1 /order/code/Home/Order/
INFO: [ app_init ] --START--
INFO: Run Behavior\BuildLiteBehavior [ RunTime:0.000016s ]
INFO: [ app_init ] --END-- [ RunTime:0.000372s ]

[ 2015-04-17T14:04:49+08:00 ] 127.0.0.1 /order/code/Home/Order/orderInfo
INFO: [ app_init ] --START--
INFO: Run Behavior\BuildLiteBehavior [ RunTime:0.000026s ]
INFO: [ app_init ] --END-- [ RunTime:0.000613s ]

[ 2015-04-17T14:04:53+08:00 ] 127.0.0.1 /order/code/Home/Order/
INFO: [ app_init ] --START--
INFO: Run Behavior\BuildLiteBehavior [ RunTime:0.000018s ]
INFO: [ app_init ] --END-- [ RunTime:0.000349s ]

[ 2015-04-17T14:05:02+08:00 ] 127.0.0.1 /order/code/Home/Order/
INFO: [ app_init ] --START--
INFO: Run Behavior\BuildLiteBehavior [ RunTime:0.000029s ]
INFO: [ app_init ] --END-- [ RunTime:0.000602s ]

[ 2015-04-17T14:05:09+08:00 ] 127.0.0.1 /order/code/Home/Order/orderInfo
INFO: [ app_init ] --START--
INFO: Run Behavior\BuildLiteBehavior [ RunTime:0.000027s ]
INFO: [ app_init ] --END-- [ RunTime:0.000777s ]

[ 2015-04-17T14:05:26+08:00 ] 127.0.0.1 /order/code/Home/Order/orderInfo
INFO: [ app_init ] --START--
INFO: Run Behavior\BuildLiteBehavior [ RunTime:0.000025s ]
INFO: [ app_init ] --END-- [ RunTime:0.000422s ]

[ 2015-04-17T14:05:29+08:00 ] 127.0.0.1 /order/code/Home/Order/
INFO: [ app_init ] --START--
INFO: Run Behavior\BuildLiteBehavior [ RunTime:0.000026s ]
INFO: [ app_init ] --END-- [ RunTime:0.000512s ]

[ 2015-04-17T14:05:59+08:00 ] 127.0.0.1 /order/code/Home/Order/
INFO: [ app_init ] --START--
INFO: Run Behavior\BuildLiteBehavior [ RunTime:0.000027s ]
INFO: [ app_init ] --END-- [ RunTime:0.000551s ]

[ 2015-04-17T14:06:03+08:00 ] 127.0.0.1 /order/code/Home/Order/
INFO: [ app_init ] --START--
INFO: Run Behavior\BuildLiteBehavior [ RunTime:0.000024s ]
INFO: [ app_init ] --END-- [ RunTime:0.000476s ]

[ 2015-04-17T14:06:09+08:00 ] 127.0.0.1 /order/code/Home/Order/
INFO: [ app_init ] --START--
INFO: Run Behavior\BuildLiteBehavior [ RunTime:0.000018s ]
INFO: [ app_init ] --END-- [ RunTime:0.000390s ]

[ 2015-04-17T14:06:28+08:00 ] 127.0.0.1 /order/code/Home/Order/orderInfo
INFO: [ app_init ] --START--
INFO: Run Behavior\BuildLiteBehavior [ RunTime:0.000028s ]
INFO: [ app_init ] --END-- [ RunTime:0.000649s ]

[ 2015-04-17T14:08:47+08:00 ] 127.0.0.1 /order/code/Home/Order/
INFO: [ app_init ] --START--
INFO: Run Behavior\BuildLiteBehavior [ RunTime:0.000035s ]
INFO: [ app_init ] --END-- [ RunTime:0.001206s ]

[ 2015-04-17T14:08:56+08:00 ] 127.0.0.1 /order/code/Home/Order/
INFO: [ app_init ] --START--
INFO: Run Behavior\BuildLiteBehavior [ RunTime:0.000021s ]
INFO: [ app_init ] --END-- [ RunTime:0.000415s ]

[ 2015-04-17T14:08:58+08:00 ] 127.0.0.1 /order/code/Home/Order/orderInfo
INFO: [ app_init ] --START--
INFO: Run Behavior\BuildLiteBehavior [ RunTime:0.000025s ]
INFO: [ app_init ] --END-- [ RunTime:0.000585s ]

[ 2015-04-17T14:10:00+08:00 ] 127.0.0.1 /order/code/Home/Order/orderInfo
INFO: [ app_init ] --START--
INFO: Run Behavior\BuildLiteBehavior [ RunTime:0.000100s ]
INFO: [ app_init ] --END-- [ RunTime:0.001701s ]

[ 2015-04-17T14:12:41+08:00 ] 127.0.0.1 /order/code/Home/Order/Item
INFO: [ app_init ] --START--
INFO: Run Behavior\BuildLiteBehavior [ RunTime:0.000031s ]
INFO: [ app_init ] --END-- [ RunTime:0.000647s ]
ERR: 非法操作:Item

[ 2015-04-17T14:13:55+08:00 ] 127.0.0.1 /order/code/Home/Order/Item
INFO: [ app_init ] --START--
INFO: Run Behavior\BuildLiteBehavior [ RunTime:0.000030s ]
INFO: [ app_init ] --END-- [ RunTime:0.000538s ]
ERR: 非法操作:Item

[ 2015-04-17T14:15:45+08:00 ] 127.0.0.1 /order/code/Home/Order/Item
INFO: [ app_init ] --START--
INFO: Run Behavior\BuildLiteBehavior [ RunTime:0.000023s ]
INFO: [ app_init ] --END-- [ RunTime:0.000672s ]
ERR: 非法操作:Item

[ 2015-04-17T14:16:27+08:00 ] 127.0.0.1 /order/code/Home/Order/Item
INFO: [ app_init ] --START--
INFO: Run Behavior\BuildLiteBehavior [ RunTime:0.000027s ]
INFO: [ app_init ] --END-- [ RunTime:0.000574s ]
ERR: 非法操作:Item

[ 2015-04-17T14:16:30+08:00 ] 127.0.0.1 /order/code/Home/Order/
INFO: [ app_init ] --START--
INFO: Run Behavior\BuildLiteBehavior [ RunTime:0.000033s ]
INFO: [ app_init ] --END-- [ RunTime:0.000580s ]

[ 2015-04-17T14:16:34+08:00 ] 127.0.0.1 /order/code/index.php/Home/Item
INFO: [ app_init ] --START--
INFO: Run Behavior\BuildLiteBehavior [ RunTime:0.000056s ]
INFO: [ app_init ] --END-- [ RunTime:0.000946s ]

[ 2015-04-17T14:16:44+08:00 ] 127.0.0.1 /order/code/index.php/Home/Item
INFO: [ app_init ] --START--
INFO: Run Behavior\BuildLiteBehavior [ RunTime:0.000029s ]
INFO: [ app_init ] --END-- [ RunTime:0.000576s ]

[ 2015-04-17T14:16:48+08:00 ] 127.0.0.1 /order/code//Home/Item
INFO: [ app_init ] --START--
INFO: Run Behavior\BuildLiteBehavior [ RunTime:0.000031s ]
INFO: [ app_init ] --END-- [ RunTime:0.000636s ]

[ 2015-04-17T14:16:51+08:00 ] 127.0.0.1 /order/code/Home/Item
INFO: [ app_init ] --START--
INFO: Run Behavior\BuildLiteBehavior [ RunTime:0.000038s ]
INFO: [ app_init ] --END-- [ RunTime:0.001083s ]

[ 2015-04-17T14:16:57+08:00 ] 127.0.0.1 /order/code/Home
INFO: [ app_init ] --START--
INFO: Run Behavior\BuildLiteBehavior [ RunTime:0.000018s ]
INFO: [ app_init ] --END-- [ RunTime:0.000403s ]

[ 2015-04-17T14:17:00+08:00 ] 127.0.0.1 /order/code/Home/Item
INFO: [ app_init ] --START--
INFO: Run Behavior\BuildLiteBehavior [ RunTime:0.000018s ]
INFO: [ app_init ] --END-- [ RunTime:0.000356s ]

[ 2015-04-17T14:17:20+08:00 ] 127.0.0.1 /order/code/Home/Item
INFO: [ app_init ] --START--
INFO: Run Behavior\BuildLiteBehavior [ RunTime:0.000025s ]
INFO: [ app_init ] --END-- [ RunTime:0.000492s ]

[ 2015-04-17T14:17:27+08:00 ] 127.0.0.1 /order/code/index.php/Home/Item
INFO: [ app_init ] --START--
INFO: Run Behavior\BuildLiteBehavior [ RunTime:0.000018s ]
INFO: [ app_init ] --END-- [ RunTime:0.000492s ]

[ 2015-04-17T14:17:47+08:00 ] 127.0.0.1 /order/code/Home/Order/orderInfo
INFO: [ app_init ] --START--
INFO: Run Behavior\BuildLiteBehavior [ RunTime:0.000024s ]
INFO: [ app_init ] --END-- [ RunTime:0.000502s ]

[ 2015-04-17T14:17:52+08:00 ] 127.0.0.1 /order/code/index.php/Home/Item
INFO: [ app_init ] --START--
INFO: Run Behavior\BuildLiteBehavior [ RunTime:0.000029s ]
INFO: [ app_init ] --END-- [ RunTime:0.000673s ]

[ 2015-04-17T14:19:01+08:00 ] 127.0.0.1 /order/code/index.php/Home/Item
INFO: [ app_init ] --START--
INFO: Run Behavior\BuildLiteBehavior [ RunTime:0.000027s ]
INFO: [ app_init ] --END-- [ RunTime:0.000519s ]

[ 2015-04-17T14:19:03+08:00 ] 127.0.0.1 /order/code/index.php/Home/Item
INFO: [ app_init ] --START--
INFO: Run Behavior\BuildLiteBehavior [ RunTime:0.000024s ]
INFO: [ app_init ] --END-- [ RunTime:0.000611s ]

[ 2015-04-17T14:19:55+08:00 ] 127.0.0.1 /order/code/index.php
INFO: [ app_init ] --START--
INFO: Run Behavior\BuildLiteBehavior [ RunTime:0.000026s ]
INFO: [ app_init ] --END-- [ RunTime:0.000498s ]

[ 2015-04-17T14:20:21+08:00 ] 127.0.0.1 /order/code/index.php/Home/Item
INFO: [ app_init ] --START--
INFO: Run Behavior\BuildLiteBehavior [ RunTime:0.000053s ]
INFO: [ app_init ] --END-- [ RunTime:0.000859s ]

[ 2015-04-17T14:20:23+08:00 ] 127.0.0.1 /order/code/index.php/Home/Home/Item
INFO: [ app_init ] --START--
INFO: Run Behavior\BuildLiteBehavior [ RunTime:0.000028s ]
INFO: [ app_init ] --END-- [ RunTime:0.000641s ]
ERR: 无法加载控制器:Home

[ 2015-04-17T14:20:36+08:00 ] 127.0.0.1 /order/code/index.php/Home/Item
INFO: [ app_init ] --START--
INFO: Run Behavior\BuildLiteBehavior [ RunTime:0.000174s ]
INFO: [ app_init ] --END-- [ RunTime:0.001279s ]

[ 2015-04-17T14:21:38+08:00 ] 127.0.0.1 /order/code/Home/Order/orderInfo
INFO: [ app_init ] --START--
INFO: Run Behavior\BuildLiteBehavior [ RunTime:0.000030s ]
INFO: [ app_init ] --END-- [ RunTime:0.000768s ]

[ 2015-04-17T14:21:41+08:00 ] 127.0.0.1 /order/code/index.php/Home/Item
INFO: [ app_init ] --START--
INFO: Run Behavior\BuildLiteBehavior [ RunTime:0.000027s ]
INFO: [ app_init ] --END-- [ RunTime:0.000568s ]

[ 2015-04-17T14:21:43+08:00 ] 127.0.0.1 /order/code/index.php/Home/Order
INFO: [ app_init ] --START--
INFO: Run Behavior\BuildLiteBehavior [ RunTime:0.000028s ]
INFO: [ app_init ] --END-- [ RunTime:0.000643s ]

[ 2015-04-17T14:21:50+08:00 ] 127.0.0.1 /order/code/index.php/Home/Item
INFO: [ app_init ] --START--
INFO: Run Behavior\BuildLiteBehavior [ RunTime:0.000021s ]
INFO: [ app_init ] --END-- [ RunTime:0.000454s ]

[ 2015-04-17T14:26:54+08:00 ] 127.0.0.1 /order/code/index.php/Home/Order
INFO: [ app_init ] --START--
INFO: Run Behavior\BuildLiteBehavior [ RunTime:0.000086s ]
INFO: [ app_init ] --END-- [ RunTime:0.001576s ]

[ 2015-04-17T14:26:55+08:00 ] 127.0.0.1 /order/code/index.php/Home/Statisticts
INFO: [ app_init ] --START--
INFO: Run Behavior\BuildLiteBehavior [ RunTime:0.000050s ]
INFO: [ app_init ] --END-- [ RunTime:0.000913s ]
ERR: 无法加载控制器:Statisticts

[ 2015-04-17T14:27:03+08:00 ] 127.0.0.1 /order/code/index.php/Home/Item
INFO: [ app_init ] --START--
INFO: Run Behavior\BuildLiteBehavior [ RunTime:0.000030s ]
INFO: [ app_init ] --END-- [ RunTime:0.000660s ]

[ 2015-04-17T14:27:04+08:00 ] 127.0.0.1 /order/code/index.php/Home/Order
INFO: [ app_init ] --START--
INFO: Run Behavior\BuildLiteBehavior [ RunTime:0.000078s ]
INFO: [ app_init ] --END-- [ RunTime:0.000874s ]

[ 2015-04-17T14:51:02+08:00 ] 127.0.0.1 /order/code/index.php/Home/Order/OrderInfo
INFO: [ app_init ] --START--
INFO: Run Behavior\BuildLiteBehavior [ RunTime:0.000030s ]
INFO: [ app_init ] --END-- [ RunTime:0.000657s ]

[ 2015-04-17T14:51:44+08:00 ] 127.0.0.1 /order/code/index.php/Home/Order/OrderInfo
INFO: [ app_init ] --START--
INFO: Run Behavior\BuildLiteBehavior [ RunTime:0.000028s ]
INFO: [ app_init ] --END-- [ RunTime:0.000587s ]

[ 2015-04-17T15:01:04+08:00 ] 127.0.0.1 /order/code/index.php/Home/Order/OrderInfo
INFO: [ app_init ] --START--
INFO: Run Behavior\BuildLiteBehavior [ RunTime:0.000029s ]
INFO: [ app_init ] --END-- [ RunTime:0.000592s ]

[ 2015-04-17T15:01:51+08:00 ] 127.0.0.1 /order/code/index.php/Home/Order/OrderInfo
INFO: [ app_init ] --START--
INFO: Run Behavior\BuildLiteBehavior [ RunTime:0.000034s ]
INFO: [ app_init ] --END-- [ RunTime:0.000651s ]

[ 2015-04-17T15:02:17+08:00 ] 127.0.0.1 /order/code/index.php/Home/Order/OrderInfo
INFO: [ app_init ] --START--
INFO: Run Behavior\BuildLiteBehavior [ RunTime:0.000029s ]
INFO: [ app_init ] --END-- [ RunTime:0.000824s ]

[ 2015-04-17T15:05:09+08:00 ] 127.0.0.1 /order/code/index.php/Home/Order/OrderInfo
INFO: [ app_init ] --START--
INFO: Run Behavior\BuildLiteBehavior [ RunTime:0.000025s ]
INFO: [ app_init ] --END-- [ RunTime:0.000728s ]

[ 2015-04-17T15:05:47+08:00 ] 127.0.0.1 /order/code/index.php/Home/Order/OrderInfo
INFO: [ app_init ] --START--
INFO: Run Behavior\BuildLiteBehavior [ RunTime:0.000026s ]
INFO: [ app_init ] --END-- [ RunTime:0.000580s ]

[ 2015-04-17T15:06:48+08:00 ] 127.0.0.1 /order/code/index.php/Home/Order/OrderInfo
INFO: [ app_init ] --START--
INFO: Run Behavior\BuildLiteBehavior [ RunTime:0.000025s ]
INFO: [ app_init ] --END-- [ RunTime:0.000556s ]

[ 2015-04-17T15:07:08+08:00 ] 127.0.0.1 /order/code/index.php/Home/Order/OrderInfo
INFO: [ app_init ] --START--
INFO: Run Behavior\BuildLiteBehavior [ RunTime:0.000030s ]
INFO: [ app_init ] --END-- [ RunTime:0.000584s ]

[ 2015-04-17T15:07:25+08:00 ] 127.0.0.1 /order/code/index.php/Home/Order/OrderInfo
INFO: [ app_init ] --START--
INFO: Run Behavior\BuildLiteBehavior [ RunTime:0.000031s ]
INFO: [ app_init ] --END-- [ RunTime:0.000730s ]

[ 2015-04-17T15:09:21+08:00 ] 127.0.0.1 /order/code/index.php/Home/Order/OrderInfo
INFO: [ app_init ] --START--
INFO: Run Behavior\BuildLiteBehavior [ RunTime:0.000029s ]
INFO: [ app_init ] --END-- [ RunTime:0.000816s ]

[ 2015-04-17T15:09:47+08:00 ] 127.0.0.1 /order/code/index.php/Home/Order/OrderInfo
INFO: [ app_init ] --START--
INFO: Run Behavior\BuildLiteBehavior [ RunTime:0.000111s ]
INFO: [ app_init ] --END-- [ RunTime:0.002404s ]

[ 2015-04-17T15:09:58+08:00 ] 127.0.0.1 /order/code/index.php/Home/Order/OrderInfo
INFO: [ app_init ] --START--
INFO: Run Behavior\BuildLiteBehavior [ RunTime:0.000023s ]
INFO: [ app_init ] --END-- [ RunTime:0.000443s ]

[ 2015-04-17T15:14:22+08:00 ] 127.0.0.1 /order/code/index.php/Home/Order/OrderInfo
INFO: [ app_init ] --START--
INFO: Run Behavior\BuildLiteBehavior [ RunTime:0.000028s ]
INFO: [ app_init ] --END-- [ RunTime:0.000641s ]

[ 2015-04-17T15:15:05+08:00 ] 127.0.0.1 /order/code/index.php/Home/Order/OrderInfo
INFO: [ app_init ] --START--
INFO: Run Behavior\BuildLiteBehavior [ RunTime:0.000032s ]
INFO: [ app_init ] --END-- [ RunTime:0.000860s ]

[ 2015-04-17T15:15:49+08:00 ] 127.0.0.1 /order/code/index.php/Home/Order/OrderInfo
INFO: [ app_init ] --START--
INFO: Run Behavior\BuildLiteBehavior [ RunTime:0.000041s ]
INFO: [ app_init ] --END-- [ RunTime:0.000686s ]

[ 2015-04-17T15:16:44+08:00 ] 127.0.0.1 /order/code/index.php/Home/Order/OrderInfo
INFO: [ app_init ] --START--
INFO: Run Behavior\BuildLiteBehavior [ RunTime:0.000032s ]
INFO: [ app_init ] --END-- [ RunTime:0.000709s ]

[ 2015-04-17T15:17:18+08:00 ] 127.0.0.1 /order/code/index.php/Home/Order/OrderInfo
INFO: [ app_init ] --START--
INFO: Run Behavior\BuildLiteBehavior [ RunTime:0.000035s ]
INFO: [ app_init ] --END-- [ RunTime:0.000949s ]

[ 2015-04-17T15:17:56+08:00 ] 127.0.0.1 /order/code/index.php/Home/Order/OrderInfo
INFO: [ app_init ] --START--
INFO: Run Behavior\BuildLiteBehavior [ RunTime:0.000100s ]
INFO: [ app_init ] --END-- [ RunTime:0.000934s ]

[ 2015-04-17T15:18:01+08:00 ] 127.0.0.1 /order/code/index.php/Home/Order/OrderInfo
INFO: [ app_init ] --START--
INFO: Run Behavior\BuildLiteBehavior [ RunTime:0.000017s ]
INFO: [ app_init ] --END-- [ RunTime:0.000373s ]

[ 2015-04-17T15:19:15+08:00 ] 127.0.0.1 /order/code/index.php/Home/Order/OrderInfo
INFO: [ app_init ] --START--
INFO: Run Behavior\BuildLiteBehavior [ RunTime:0.000035s ]
INFO: [ app_init ] --END-- [ RunTime:0.000621s ]

[ 2015-04-17T15:19:49+08:00 ] 127.0.0.1 /order/code/index.php/Home/Order/OrderInfo
INFO: [ app_init ] --START--
INFO: Run Behavior\BuildLiteBehavior [ RunTime:0.000029s ]
INFO: [ app_init ] --END-- [ RunTime:0.000710s ]

[ 2015-04-17T15:20:52+08:00 ] 127.0.0.1 /order/code/index.php/Home/Order/OrderInfo
INFO: [ app_init ] --START--
INFO: Run Behavior\BuildLiteBehavior [ RunTime:0.000164s ]
INFO: [ app_init ] --END-- [ RunTime:0.002707s ]

[ 2015-04-17T15:21:04+08:00 ] 127.0.0.1 /order/code/index.php/Home/Order/OrderInfo
INFO: [ app_init ] --START--
INFO: Run Behavior\BuildLiteBehavior [ RunTime:0.000025s ]
INFO: [ app_init ] --END-- [ RunTime:0.000531s ]

[ 2015-04-17T15:21:20+08:00 ] 127.0.0.1 /order/code/index.php/Home/Order
INFO: [ app_init ] --START--
INFO: Run Behavior\BuildLiteBehavior [ RunTime:0.000033s ]
INFO: [ app_init ] --END-- [ RunTime:0.000764s ]

[ 2015-04-17T15:23:12+08:00 ] 127.0.0.1 /order/code/index.php/Home/Order/OrderInfo
INFO: [ app_init ] --START--
INFO: Run Behavior\BuildLiteBehavior [ RunTime:0.000027s ]
INFO: [ app_init ] --END-- [ RunTime:0.000505s ]

[ 2015-04-17T15:23:32+08:00 ] 127.0.0.1 /order/code/index.php/Home/Order/OrderInfo
INFO: [ app_init ] --START--
INFO: Run Behavior\BuildLiteBehavior [ RunTime:0.000031s ]
INFO: [ app_init ] --END-- [ RunTime:0.000750s ]

[ 2015-04-17T15:25:39+08:00 ] 127.0.0.1 /order/code/index.php/Home/Order/OrderInfo
INFO: [ app_init ] --START--
INFO: Run Behavior\BuildLiteBehavior [ RunTime:0.000018s ]
INFO: [ app_init ] --END-- [ RunTime:0.000385s ]

[ 2015-04-17T15:31:56+08:00 ] 127.0.0.1 /order/code/index.php/Home/Order/OrderInfo?
INFO: [ app_init ] --START--
INFO: Run Behavior\BuildLiteBehavior [ RunTime:0.000028s ]
INFO: [ app_init ] --END-- [ RunTime:0.000910s ]

[ 2015-04-17T15:32:20+08:00 ] 127.0.0.1 /order/code/index.php/Home/Order/OrderInfo?
INFO: [ app_init ] --START--
INFO: Run Behavior\BuildLiteBehavior [ RunTime:0.000035s ]
INFO: [ app_init ] --END-- [ RunTime:0.000555s ]

[ 2015-04-17T15:32:44+08:00 ] 127.0.0.1 /order/code/index.php/Home/Order/OrderInfo?
INFO: [ app_init ] --START--
INFO: Run Behavior\BuildLiteBehavior [ RunTime:0.000030s ]
INFO: [ app_init ] --END-- [ RunTime:0.000670s ]

[ 2015-04-17T15:33:00+08:00 ] 127.0.0.1 /order/code/index.php/Home/Order/OrderInfo?
INFO: [ app_init ] --START--
INFO: Run Behavior\BuildLiteBehavior [ RunTime:0.000032s ]
INFO: [ app_init ] --END-- [ RunTime:0.001300s ]

[ 2015-04-17T15:33:18+08:00 ] 127.0.0.1 /order/code/index.php/Home/Order/OrderInfo?
INFO: [ app_init ] --START--
INFO: Run Behavior\BuildLiteBehavior [ RunTime:0.000028s ]
INFO: [ app_init ] --END-- [ RunTime:0.000613s ]

[ 2015-04-17T15:33:25+08:00 ] 127.0.0.1 /order/code/index.php/Home/Order/OrderInfo?
INFO: [ app_init ] --START--
INFO: Run Behavior\BuildLiteBehavior [ RunTime:0.000030s ]
INFO: [ app_init ] --END-- [ RunTime:0.000615s ]

[ 2015-04-17T15:33:33+08:00 ] 127.0.0.1 /order/code/index.php/Home/Order/OrderInfo?
INFO: [ app_init ] --START--
INFO: Run Behavior\BuildLiteBehavior [ RunTime:0.000103s ]
INFO: [ app_init ] --END-- [ RunTime:0.001770s ]

[ 2015-04-17T15:33:56+08:00 ] 127.0.0.1 /order/code/index.php/Home/Order/OrderInfo?
INFO: [ app_init ] --START--
INFO: Run Behavior\BuildLiteBehavior [ RunTime:0.000029s ]
INFO: [ app_init ] --END-- [ RunTime:0.000583s ]

[ 2015-04-17T15:34:03+08:00 ] 127.0.0.1 /order/code/index.php/Home/Order/OrderInfo?
INFO: [ app_init ] --START--
INFO: Run Behavior\BuildLiteBehavior [ RunTime:0.000049s ]
INFO: [ app_init ] --END-- [ RunTime:0.000905s ]

[ 2015-04-17T15:34:07+08:00 ] 127.0.0.1 /order/code/index.php/Home/Order/OrderInfo?
INFO: [ app_init ] --START--
INFO: Run Behavior\BuildLiteBehavior [ RunTime:0.000023s ]
INFO: [ app_init ] --END-- [ RunTime:0.000555s ]

[ 2015-04-17T15:34:27+08:00 ] 127.0.0.1 /order/code/index.php/Home/Order/OrderInfo?
INFO: [ app_init ] --START--
INFO: Run Behavior\BuildLiteBehavior [ RunTime:0.000043s ]
INFO: [ app_init ] --END-- [ RunTime:0.000705s ]

[ 2015-04-17T15:35:25+08:00 ] 127.0.0.1 /order/code/index.php/Home/Order/OrderInfo?
INFO: [ app_init ] --START--
INFO: Run Behavior\BuildLiteBehavior [ RunTime:0.000030s ]
INFO: [ app_init ] --END-- [ RunTime:0.000660s ]

[ 2015-04-17T15:55:06+08:00 ] 127.0.0.1 /order/code/index.php/Home/Order
INFO: [ app_init ] --START--
INFO: Run Behavior\BuildLiteBehavior [ RunTime:0.000028s ]
INFO: [ app_init ] --END-- [ RunTime:0.000655s ]

[ 2015-04-17T15:55:07+08:00 ] 127.0.0.1 /order/code/index.php/Home/Order/OrderInfo?
INFO: [ app_init ] --START--
INFO: Run Behavior\BuildLiteBehavior [ RunTime:0.000032s ]
INFO: [ app_init ] --END-- [ RunTime:0.001061s ]

[ 2015-04-17T15:55:23+08:00 ] 127.0.0.1 /order/code/index.php/Home/Order/OrderInfo?
INFO: [ app_init ] --START--
INFO: Run Behavior\BuildLiteBehavior [ RunTime:0.000018s ]
INFO: [ app_init ] --END-- [ RunTime:0.000390s ]

[ 2015-04-17T15:57:45+08:00 ] 127.0.0.1 /order/code/index.php/Home/Order/OrderInfo?
INFO: [ app_init ] --START--
INFO: Run Behavior\BuildLiteBehavior [ RunTime:0.000027s ]
INFO: [ app_init ] --END-- [ RunTime:0.000631s ]

[ 2015-04-17T15:59:50+08:00 ] 127.0.0.1 /order/code/index.php/Home/Order/OrderInfo?
INFO: [ app_init ] --START--
INFO: Run Behavior\BuildLiteBehavior [ RunTime:0.000019s ]
INFO: [ app_init ] --END-- [ RunTime:0.000402s ]

[ 2015-04-17T16:00:02+08:00 ] 127.0.0.1 /order/code/index.php/Home/Order/OrderInfo?
INFO: [ app_init ] --START--
INFO: Run Behavior\BuildLiteBehavior [ RunTime:0.000028s ]
INFO: [ app_init ] --END-- [ RunTime:0.000555s ]

[ 2015-04-17T16:00:21+08:00 ] 127.0.0.1 /order/code/index.php/Home/Order/OrderInfo?
INFO: [ app_init ] --START--
INFO: Run Behavior\BuildLiteBehavior [ RunTime:0.000021s ]
INFO: [ app_init ] --END-- [ RunTime:0.000447s ]

[ 2015-04-17T16:00:34+08:00 ] 127.0.0.1 /order/code/index.php/Home/Order/OrderInfo?
INFO: [ app_init ] --START--
INFO: Run Behavior\BuildLiteBehavior [ RunTime:0.000027s ]
INFO: [ app_init ] --END-- [ RunTime:0.000586s ]

[ 2015-04-17T16:00:43+08:00 ] 127.0.0.1 /order/code/index.php/Home/Order/OrderInfo?
INFO: [ app_init ] --START--
INFO: Run Behavior\BuildLiteBehavior [ RunTime:0.000022s ]
INFO: [ app_init ] --END-- [ RunTime:0.000470s ]

[ 2015-04-17T16:01:33+08:00 ] 127.0.0.1 /order/code/index.php/Home/Order/OrderInfo?
INFO: [ app_init ] --START--
INFO: Run Behavior\BuildLiteBehavior [ RunTime:0.000022s ]
INFO: [ app_init ] --END-- [ RunTime:0.000421s ]

[ 2015-04-17T16:02:18+08:00 ] 127.0.0.1 /order/code/index.php/Home/Order/OrderInfo?
INFO: [ app_init ] --START--
INFO: Run Behavior\BuildLiteBehavior [ RunTime:0.000019s ]
INFO: [ app_init ] --END-- [ RunTime:0.000431s ]

[ 2015-04-17T16:02:31+08:00 ] 127.0.0.1 /order/code/index.php/Home/Order/OrderInfo?
INFO: [ app_init ] --START--
INFO: Run Behavior\BuildLiteBehavior [ RunTime:0.000034s ]
INFO: [ app_init ] --END-- [ RunTime:0.000668s ]

[ 2015-04-17T16:02:55+08:00 ] 127.0.0.1 /order/code/index.php/Home/Order/OrderInfo?
INFO: [ app_init ] --START--
INFO: Run Behavior\BuildLiteBehavior [ RunTime:0.000072s ]
INFO: [ app_init ] --END-- [ RunTime:0.001298s ]

[ 2015-04-17T16:03:05+08:00 ] 127.0.0.1 /order/code/index.php/Home/Order/OrderInfo?
INFO: [ app_init ] --START--
INFO: Run Behavior\BuildLiteBehavior [ RunTime:0.000016s ]
INFO: [ app_init ] --END-- [ RunTime:0.000338s ]

[ 2015-04-17T16:03:16+08:00 ] 127.0.0.1 /order/code/index.php/Home/Order/OrderInfo?
INFO: [ app_init ] --START--
INFO: Run Behavior\BuildLiteBehavior [ RunTime:0.000067s ]
INFO: [ app_init ] --END-- [ RunTime:0.000990s ]

[ 2015-04-17T16:03:51+08:00 ] 127.0.0.1 /order/code/index.php/Home/Order/OrderInfo?
INFO: [ app_init ] --START--
INFO: Run Behavior\BuildLiteBehavior [ RunTime:0.000018s ]
INFO: [ app_init ] --END-- [ RunTime:0.000360s ]

[ 2015-04-17T16:04:19+08:00 ] 127.0.0.1 /order/code/index.php/Home/Order/OrderInfo?
INFO: [ app_init ] --START--
INFO: Run Behavior\BuildLiteBehavior [ RunTime:0.000019s ]
INFO: [ app_init ] --END-- [ RunTime:0.000379s ]

[ 2015-04-17T16:04:31+08:00 ] 127.0.0.1 /order/code/index.php/Home/Order/OrderInfo?
INFO: [ app_init ] --START--
INFO: Run Behavior\BuildLiteBehavior [ RunTime:0.000034s ]
INFO: [ app_init ] --END-- [ RunTime:0.000741s ]

[ 2015-04-17T16:05:02+08:00 ] 127.0.0.1 /order/code/index.php/Home/Order/OrderInfo?
INFO: [ app_init ] --START--
INFO: Run Behavior\BuildLiteBehavior [ RunTime:0.000025s ]
INFO: [ app_init ] --END-- [ RunTime:0.000462s ]

[ 2015-04-17T16:09:23+08:00 ] 127.0.0.1 /order/code/index.php/Home/Order/OrderInfo?
INFO: [ app_init ] --START--
INFO: Run Behavior\BuildLiteBehavior [ RunTime:0.000030s ]
INFO: [ app_init ] --END-- [ RunTime:0.000619s ]

[ 2015-04-17T16:10:12+08:00 ] 127.0.0.1 /order/code/index.php/Home/Order/OrderInfo?
INFO: [ app_init ] --START--
INFO: Run Behavior\BuildLiteBehavior [ RunTime:0.000025s ]
INFO: [ app_init ] --END-- [ RunTime:0.000541s ]

[ 2015-04-17T16:12:12+08:00 ] 127.0.0.1 /order/code/index.php/Home/Order/OrderInfo?
INFO: [ app_init ] --START--
INFO: Run Behavior\BuildLiteBehavior [ RunTime:0.000032s ]
INFO: [ app_init ] --END-- [ RunTime:0.000588s ]

[ 2015-04-17T16:12:37+08:00 ] 127.0.0.1 /order/code/index.php/Home/Order/OrderInfo?
INFO: [ app_init ] --START--
INFO: Run Behavior\BuildLiteBehavior [ RunTime:0.000109s ]
INFO: [ app_init ] --END-- [ RunTime:0.000910s ]

[ 2015-04-17T16:12:52+08:00 ] 127.0.0.1 /order/code/index.php/Home/Order/OrderInfo?
INFO: [ app_init ] --START--
INFO: Run Behavior\BuildLiteBehavior [ RunTime:0.000021s ]
INFO: [ app_init ] --END-- [ RunTime:0.000461s ]

[ 2015-04-17T16:13:22+08:00 ] 127.0.0.1 /order/code/index.php/Home/Order/OrderInfo?
INFO: [ app_init ] --START--
INFO: Run Behavior\BuildLiteBehavior [ RunTime:0.000029s ]
INFO: [ app_init ] --END-- [ RunTime:0.000619s ]

[ 2015-04-17T16:15:40+08:00 ] 127.0.0.1 /order/code/index.php/Home/Order/OrderInfo?
INFO: [ app_init ] --START--
INFO: Run Behavior\BuildLiteBehavior [ RunTime:0.000028s ]
INFO: [ app_init ] --END-- [ RunTime:0.000627s ]

[ 2015-04-17T16:16:27+08:00 ] 127.0.0.1 /order/code/index.php/Home/Order/OrderInfo?
INFO: [ app_init ] --START--
INFO: Run Behavior\BuildLiteBehavior [ RunTime:0.000035s ]
INFO: [ app_init ] --END-- [ RunTime:0.000529s ]

[ 2015-04-17T16:16:39+08:00 ] 127.0.0.1 /order/code/index.php/Home/Order/OrderInfo?
INFO: [ app_init ] --START--
INFO: Run Behavior\BuildLiteBehavior [ RunTime:0.000019s ]
INFO: [ app_init ] --END-- [ RunTime:0.000451s ]

[ 2015-04-17T16:21:26+08:00 ] 127.0.0.1 /order/code/index.php/Home/Order/OrderInfo?
INFO: [ app_init ] --START--
INFO: Run Behavior\BuildLiteBehavior [ RunTime:0.000030s ]
INFO: [ app_init ] --END-- [ RunTime:0.000644s ]

[ 2015-04-17T16:21:36+08:00 ] 127.0.0.1 /order/code/index.php/Home/Order/OrderInfo?
INFO: [ app_init ] --START--
INFO: Run Behavior\BuildLiteBehavior [ RunTime:0.000026s ]
INFO: [ app_init ] --END-- [ RunTime:0.000564s ]

[ 2015-04-17T16:21:56+08:00 ] 127.0.0.1 /order/code/index.php/Home/Order/OrderInfo?
INFO: [ app_init ] --START--
INFO: Run Behavior\BuildLiteBehavior [ RunTime:0.000034s ]
INFO: [ app_init ] --END-- [ RunTime:0.000781s ]

[ 2015-04-17T16:22:06+08:00 ] 127.0.0.1 /order/code/index.php/Home/Order/OrderInfo?
INFO: [ app_init ] --START--
INFO: Run Behavior\BuildLiteBehavior [ RunTime:0.000030s ]
INFO: [ app_init ] --END-- [ RunTime:0.000906s ]

[ 2015-04-17T16:22:17+08:00 ] 127.0.0.1 /order/code/index.php/Home/Order/OrderInfo?
INFO: [ app_init ] --START--
INFO: Run Behavior\BuildLiteBehavior [ RunTime:0.000031s ]
INFO: [ app_init ] --END-- [ RunTime:0.000630s ]

[ 2015-04-17T16:22:29+08:00 ] 127.0.0.1 /order/code/index.php/Home/Order/OrderInfo?
INFO: [ app_init ] --START--
INFO: Run Behavior\BuildLiteBehavior [ RunTime:0.000037s ]
INFO: [ app_init ] --END-- [ RunTime:0.000820s ]

[ 2015-04-17T16:23:38+08:00 ] 127.0.0.1 /order/code/index.php/Home/Order/OrderInfo?
INFO: [ app_init ] --START--
INFO: Run Behavior\BuildLiteBehavior [ RunTime:0.000028s ]
INFO: [ app_init ] --END-- [ RunTime:0.000619s ]

[ 2015-04-17T16:25:05+08:00 ] 127.0.0.1 /order/code/index.php/Home/Order/OrderInfo?
INFO: [ app_init ] --START--
INFO: Run Behavior\BuildLiteBehavior [ RunTime:0.000033s ]
INFO: [ app_init ] --END-- [ RunTime:0.000688s ]

[ 2015-04-17T16:25:32+08:00 ] 127.0.0.1 /order/code/index.php/Home/Item
INFO: [ app_init ] --START--
INFO: Run Behavior\BuildLiteBehavior [ RunTime:0.000026s ]
INFO: [ app_init ] --END-- [ RunTime:0.000520s ]

[ 2015-04-17T16:25:35+08:00 ] 127.0.0.1 /order/code/index.php/Home/Order
INFO: [ app_init ] --START--
INFO: Run Behavior\BuildLiteBehavior [ RunTime:0.000032s ]
INFO: [ app_init ] --END-- [ RunTime:0.000559s ]

[ 2015-04-17T16:26:50+08:00 ] 127.0.0.1 /order/code/index.php/Home/Order
INFO: [ app_init ] --START--
INFO: Run Behavior\BuildLiteBehavior [ RunTime:0.000039s ]
INFO: [ app_init ] --END-- [ RunTime:0.001822s ]

[ 2015-04-17T16:26:54+08:00 ] 127.0.0.1 /order/code/index.php/Home/Item/oderList
INFO: [ app_init ] --START--
INFO: Run Behavior\BuildLiteBehavior [ RunTime:0.000031s ]
INFO: [ app_init ] --END-- [ RunTime:0.000646s ]
ERR: 非法操作:oderList

[ 2015-04-17T16:27:03+08:00 ] 127.0.0.1 /order/code/index.php/Home/Order/OrderInfo
INFO: [ app_init ] --START--
INFO: Run Behavior\BuildLiteBehavior [ RunTime:0.000020s ]
INFO: [ app_init ] --END-- [ RunTime:0.000525s ]

[ 2015-04-17T16:27:20+08:00 ] 127.0.0.1 /order/code/index.php/Home/Item/oderList
INFO: [ app_init ] --START--
INFO: Run Behavior\BuildLiteBehavior [ RunTime:0.000107s ]
INFO: [ app_init ] --END-- [ RunTime:0.001730s ]
ERR: 非法操作:oderList

[ 2015-04-17T16:27:22+08:00 ] 127.0.0.1 /order/code/index.php/Home/Order
INFO: [ app_init ] --START--
INFO: Run Behavior\BuildLiteBehavior [ RunTime:0.000050s ]
INFO: [ app_init ] --END-- [ RunTime:0.001157s ]

[ 2015-04-17T16:27:25+08:00 ] 127.0.0.1 /order/code/index.php/Home/Order/OderInfo
INFO: [ app_init ] --START--
INFO: Run Behavior\BuildLiteBehavior [ RunTime:0.000035s ]
INFO: [ app_init ] --END-- [ RunTime:0.000772s ]
ERR: 非法操作:OderInfo

[ 2015-04-17T16:27:46+08:00 ] 127.0.0.1 /order/code/index.php/Home/Order/OderInfo
INFO: [ app_init ] --START--
INFO: Run Behavior\BuildLiteBehavior [ RunTime:0.000039s ]
INFO: [ app_init ] --END-- [ RunTime:0.000716s ]
ERR: 非法操作:OderInfo

[ 2015-04-17T16:27:54+08:00 ] 127.0.0.1 /order/code/index.php/Home/Order/
INFO: [ app_init ] --START--
INFO: Run Behavior\BuildLiteBehavior [ RunTime:0.000032s ]
INFO: [ app_init ] --END-- [ RunTime:0.000598s ]

[ 2015-04-17T16:27:59+08:00 ] 127.0.0.1 /order/code/index.php/Home/Order/OrderInfo
INFO: [ app_init ] --START--
INFO: Run Behavior\BuildLiteBehavior [ RunTime:0.000028s ]
INFO: [ app_init ] --END-- [ RunTime:0.000620s ]

[ 2015-04-17T16:28:03+08:00 ] 127.0.0.1 /order/code/index.php/Home/Order/orderInfo
INFO: [ app_init ] --START--
INFO: Run Behavior\BuildLiteBehavior [ RunTime:0.000022s ]
INFO: [ app_init ] --END-- [ RunTime:0.000413s ]

[ 2015-04-17T16:28:14+08:00 ] 127.0.0.1 /order/code/index.php/Home/Order/OderInfo
INFO: [ app_init ] --START--
INFO: Run Behavior\BuildLiteBehavior [ RunTime:0.000029s ]
INFO: [ app_init ] --END-- [ RunTime:0.000591s ]
ERR: 非法操作:OderInfo

[ 2015-04-17T16:28:23+08:00 ] 127.0.0.1 /order/code/index.php/Home/Order/OderInfo
INFO: [ app_init ] --START--
INFO: Run Behavior\BuildLiteBehavior [ RunTime:0.000028s ]
INFO: [ app_init ] --END-- [ RunTime:0.000535s ]
ERR: 非法操作:OderInfo

[ 2015-04-17T16:28:27+08:00 ] 127.0.0.1 /order/code/index.php/Home/Order/OrderInfo
INFO: [ app_init ] --START--
INFO: Run Behavior\BuildLiteBehavior [ RunTime:0.000026s ]
INFO: [ app_init ] --END-- [ RunTime:0.000584s ]

[ 2015-04-17T16:28:29+08:00 ] 127.0.0.1 /order/code/index.php/Home/Order
INFO: [ app_init ] --START--
INFO: Run Behavior\BuildLiteBehavior [ RunTime:0.000033s ]
INFO: [ app_init ] --END-- [ RunTime:0.000672s ]

[ 2015-04-17T16:28:31+08:00 ] 127.0.0.1 /order/code/index.php/Home/Order/orderInfo
INFO: [ app_init ] --START--
INFO: Run Behavior\BuildLiteBehavior [ RunTime:0.000032s ]
INFO: [ app_init ] --END-- [ RunTime:0.000670s ]

[ 2015-04-17T16:32:00+08:00 ] 127.0.0.1 /order/code/index.php/Home/Order/orderInfo
INFO: [ app_init ] --START--
INFO: Run Behavior\BuildLiteBehavior [ RunTime:0.000047s ]
INFO: [ app_init ] --END-- [ RunTime:0.001418s ]

[ 2015-04-17T16:32:08+08:00 ] 127.0.0.1 /order/code/index.php/Home/Order/orderInfo
INFO: [ app_init ] --START--
INFO: Run Behavior\BuildLiteBehavior [ RunTime:0.000028s ]
INFO: [ app_init ] --END-- [ RunTime:0.000546s ]

[ 2015-04-17T16:51:58+08:00 ] 127.0.0.1 /order/code/index.php/Home/Order/orderItemInfo
INFO: [ app_init ] --START--
INFO: Run Behavior\BuildLiteBehavior [ RunTime:0.000037s ]
INFO: [ app_init ] --END-- [ RunTime:0.000775s ]
ERR: 模板不存在:./Application/Home/View/Order/orderItemInfo.html

[ 2015-04-17T16:52:21+08:00 ] 127.0.0.1 /order/code/index.php/Home/Order/orderItemInfo
INFO: [ app_init ] --START--
INFO: Run Behavior\BuildLiteBehavior [ RunTime:0.000032s ]
INFO: [ app_init ] --END-- [ RunTime:0.000654s ]

[ 2015-04-17T16:52:42+08:00 ] 127.0.0.1 /order/code/index.php/Home/Order/orderItemInfo
INFO: [ app_init ] --START--
INFO: Run Behavior\BuildLiteBehavior [ RunTime:0.000030s ]
INFO: [ app_init ] --END-- [ RunTime:0.000649s ]

[ 2015-04-17T16:53:11+08:00 ] 127.0.0.1 /order/code/index.php/Home/Order/orderItemInfo
INFO: [ app_init ] --START--
INFO: Run Behavior\BuildLiteBehavior [ RunTime:0.000026s ]
INFO: [ app_init ] --END-- [ RunTime:0.000638s ]

[ 2015-04-17T16:54:45+08:00 ] 127.0.0.1 /order/code/index.php/Home/Order/orderItemInfo
INFO: [ app_init ] --START--
INFO: Run Behavior\BuildLiteBehavior [ RunTime:0.000024s ]
INFO: [ app_init ] --END-- [ RunTime:0.000523s ]

[ 2015-04-17T16:55:59+08:00 ] 127.0.0.1 /order/code/index.php/Home/Order/orderItemInfo
INFO: [ app_init ] --START--
INFO: Run Behavior\BuildLiteBehavior [ RunTime:0.000031s ]
INFO: [ app_init ] --END-- [ RunTime:0.000639s ]

[ 2015-04-17T16:57:35+08:00 ] 127.0.0.1 /order/code/index.php/Home/Order/orderItemInfo
INFO: [ app_init ] --START--
INFO: Run Behavior\BuildLiteBehavior [ RunTime:0.000027s ]
INFO: [ app_init ] --END-- [ RunTime:0.000575s ]

[ 2015-04-17T16:57:56+08:00 ] 127.0.0.1 /order/code/index.php/Home/Order/orderItemInfo
INFO: [ app_init ] --START--
INFO: Run Behavior\BuildLiteBehavior [ RunTime:0.000055s ]
INFO: [ app_init ] --END-- [ RunTime:0.003541s ]

[ 2015-04-17T16:58:17+08:00 ] 127.0.0.1 /order/code/index.php/Home/Order/orderItemInfo
INFO: [ app_init ] --START--
INFO: Run Behavior\BuildLiteBehavior [ RunTime:0.000083s ]
INFO: [ app_init ] --END-- [ RunTime:0.004930s ]

[ 2015-04-17T16:59:27+08:00 ] 127.0.0.1 /order/code/index.php/Home/Order/orderItemInfo
INFO: [ app_init ] --START--
INFO: Run Behavior\BuildLiteBehavior [ RunTime:0.000023s ]
INFO: [ app_init ] --END-- [ RunTime:0.000504s ]

[ 2015-04-17T16:59:33+08:00 ] 127.0.0.1 /order/code/index.php/Home/Order/orderItemInfo
INFO: [ app_init ] --START--
INFO: Run Behavior\BuildLiteBehavior [ RunTime:0.000017s ]
INFO: [ app_init ] --END-- [ RunTime:0.000399s ]

[ 2015-04-17T17:00:08+08:00 ] 127.0.0.1 /order/code/index.php/Home/Order/orderItemInfo
INFO: [ app_init ] --START--
INFO: Run Behavior\BuildLiteBehavior [ RunTime:0.000026s ]
INFO: [ app_init ] --END-- [ RunTime:0.000522s ]

[ 2015-04-17T17:00:14+08:00 ] 127.0.0.1 /order/code/index.php/Home/Order/orderItemInfo
INFO: [ app_init ] --START--
INFO: Run Behavior\BuildLiteBehavior [ RunTime:0.000021s ]
INFO: [ app_init ] --END-- [ RunTime:0.000500s ]

[ 2015-04-17T17:00:39+08:00 ] 127.0.0.1 /order/code/index.php/Home/Order/orderItemInfo
INFO: [ app_init ] --START--
INFO: Run Behavior\BuildLiteBehavior [ RunTime:0.000030s ]
INFO: [ app_init ] --END-- [ RunTime:0.000553s ]

[ 2015-04-17T17:00:47+08:00 ] 127.0.0.1 /order/code/index.php/Home/Order/orderItemInfo
INFO: [ app_init ] --START--
INFO: Run Behavior\BuildLiteBehavior [ RunTime:0.000020s ]
INFO: [ app_init ] --END-- [ RunTime:0.000405s ]

[ 2015-04-17T17:00:52+08:00 ] 127.0.0.1 /order/code/index.php/Home/Order/orderItemInfo
INFO: [ app_init ] --START--
INFO: Run Behavior\BuildLiteBehavior [ RunTime:0.000024s ]
INFO: [ app_init ] --END-- [ RunTime:0.000613s ]

[ 2015-04-17T17:01:38+08:00 ] 127.0.0.1 /order/code/index.php/Home/Item
INFO: [ app_init ] --START--
INFO: Run Behavior\BuildLiteBehavior [ RunTime:0.000070s ]
INFO: [ app_init ] --END-- [ RunTime:0.001319s ]

[ 2015-04-17T17:02:20+08:00 ] 127.0.0.1 /order/code/index.php/Home/Order/orderItemInfo
INFO: [ app_init ] --START--
INFO: Run Behavior\BuildLiteBehavior [ RunTime:0.000028s ]
INFO: [ app_init ] --END-- [ RunTime:0.000660s ]

[ 2015-04-17T17:03:00+08:00 ] 127.0.0.1 /order/code/index.php/Home/Order/orderItemInfo
INFO: [ app_init ] --START--
INFO: Run Behavior\BuildLiteBehavior [ RunTime:0.000022s ]
INFO: [ app_init ] --END-- [ RunTime:0.000419s ]

[ 2015-04-17T17:06:02+08:00 ] 127.0.0.1 /order/code/index.php/Home/Order
INFO: [ app_init ] --START--
INFO: Run Behavior\BuildLiteBehavior [ RunTime:0.000018s ]
INFO: [ app_init ] --END-- [ RunTime:0.000414s ]

[ 2015-04-17T17:06:05+08:00 ] 127.0.0.1 /order/code/index.php/Home/Order/orderInfo
INFO: [ app_init ] --START--
INFO: Run Behavior\BuildLiteBehavior [ RunTime:0.000022s ]
INFO: [ app_init ] --END-- [ RunTime:0.000427s ]

[ 2015-04-17T17:06:07+08:00 ] 127.0.0.1 /order/code/index.php/Home/Order/orderInfo
INFO: [ app_init ] --START--
INFO: Run Behavior\BuildLiteBehavior [ RunTime:0.000028s ]
INFO: [ app_init ] --END-- [ RunTime:0.000505s ]

[ 2015-04-17T17:06:24+08:00 ] 127.0.0.1 /order/code/index.php/Home/Order/orderInfo
INFO: [ app_init ] --START--
INFO: Run Behavior\BuildLiteBehavior [ RunTime:0.000065s ]
INFO: [ app_init ] --END-- [ RunTime:0.001399s ]

[ 2015-04-17T17:06:33+08:00 ] 127.0.0.1 /order/code/index.php/Home/Order/orderInfo
INFO: [ app_init ] --START--
INFO: Run Behavior\BuildLiteBehavior [ RunTime:0.000034s ]
INFO: [ app_init ] --END-- [ RunTime:0.000816s ]

[ 2015-04-17T17:06:37+08:00 ] 127.0.0.1 /order/code/index.php/Home/Order/orderInfo
INFO: [ app_init ] --START--
INFO: Run Behavior\BuildLiteBehavior [ RunTime:0.000039s ]
INFO: [ app_init ] --END-- [ RunTime:0.000614s ]

[ 2015-04-17T17:06:43+08:00 ] 127.0.0.1 /order/code/index.php/Home/Order/orderInfo
INFO: [ app_init ] --START--
INFO: Run Behavior\BuildLiteBehavior [ RunTime:0.000029s ]
INFO: [ app_init ] --END-- [ RunTime:0.000614s ]

[ 2015-04-17T17:06:53+08:00 ] 127.0.0.1 /order/code/index.php/Home/Order/orderItemInfo
INFO: [ app_init ] --START--
INFO: Run Behavior\BuildLiteBehavior [ RunTime:0.000031s ]
INFO: [ app_init ] --END-- [ RunTime:0.000657s ]

[ 2015-04-17T17:06:54+08:00 ] 127.0.0.1 /order/code/index.php/Home/Order/orderInfo
INFO: [ app_init ] --START--
INFO: Run Behavior\BuildLiteBehavior [ RunTime:0.000035s ]
INFO: [ app_init ] --END-- [ RunTime:0.000817s ]

[ 2015-04-17T17:06:57+08:00 ] 127.0.0.1 /order/code/index.php/Home/Order/orderItemInfo
INFO: [ app_init ] --START--
INFO: Run Behavior\BuildLiteBehavior [ RunTime:0.000062s ]
INFO: [ app_init ] --END-- [ RunTime:0.000923s ]

[ 2015-04-17T17:07:04+08:00 ] 127.0.0.1 /order/code/index.php/Home/Order/orderItemInfo
INFO: [ app_init ] --START--
INFO: Run Behavior\BuildLiteBehavior [ RunTime:0.000027s ]
INFO: [ app_init ] --END-- [ RunTime:0.000519s ]

[ 2015-04-17T17:07:30+08:00 ] 127.0.0.1 /order/code/index.php/Home/Order/orderItemInfo
INFO: [ app_init ] --START--
INFO: Run Behavior\BuildLiteBehavior [ RunTime:0.000031s ]
INFO: [ app_init ] --END-- [ RunTime:0.000633s ]

[ 2015-04-17T17:07:58+08:00 ] 127.0.0.1 /order/code/index.php/Home/Order/orderItemInfo
INFO: [ app_init ] --START--
INFO: Run Behavior\BuildLiteBehavior [ RunTime:0.000038s ]
INFO: [ app_init ] --END-- [ RunTime:0.004487s ]

[ 2015-04-17T17:08:02+08:00 ] 127.0.0.1 /order/code/index.php/Home/Order/orderItemInfo?
INFO: [ app_init ] --START--
INFO: Run Behavior\BuildLiteBehavior [ RunTime:0.000024s ]
INFO: [ app_init ] --END-- [ RunTime:0.000474s ]

[ 2015-04-17T17:08:06+08:00 ] 127.0.0.1 /order/code/index.php/Home/Order
INFO: [ app_init ] --START--
INFO: Run Behavior\BuildLiteBehavior [ RunTime:0.000025s ]
INFO: [ app_init ] --END-- [ RunTime:0.000446s ]

[ 2015-04-17T17:08:08+08:00 ] 127.0.0.1 /order/code/index.php/Home/Item
INFO: [ app_init ] --START--
INFO: Run Behavior\BuildLiteBehavior [ RunTime:0.000029s ]
INFO: [ app_init ] --END-- [ RunTime:0.000594s ]

[ 2015-04-17T17:21:49+08:00 ] 127.0.0.1 /order/code/index.php/Home/Statisticts
INFO: [ app_init ] --START--
INFO: Run Behavior\BuildLiteBehavior [ RunTime:0.000024s ]
INFO: [ app_init ] --END-- [ RunTime:0.000577s ]
ERR: 无法加载控制器:Statisticts

[ 2015-04-17T19:16:37+08:00 ] 127.0.0.1 /order/code/Home/Statistict
INFO: [ app_init ] --START--
INFO: Run Behavior\BuildLiteBehavior [ RunTime:0.000054s ]
INFO: [ app_init ] --END-- [ RunTime:0.007764s ]
ERR: 无法加载控制器:Statistict

[ 2015-04-17T19:17:12+08:00 ] 127.0.0.1 /order/code/Home/Statistict
INFO: [ app_init ] --START--
INFO: Run Behavior\BuildLiteBehavior [ RunTime:0.000019s ]
INFO: [ app_init ] --END-- [ RunTime:0.000438s ]
ERR: 无法加载控制器:Statistict

[ 2015-04-17T19:17:29+08:00 ] 127.0.0.1 /order/code/Home/Statistict
INFO: [ app_init ] --START--
INFO: Run Behavior\BuildLiteBehavior [ RunTime:0.000022s ]
INFO: [ app_init ] --END-- [ RunTime:0.000424s ]
ERR: 无法加载控制器:Statistict

[ 2015-04-17T19:18:15+08:00 ] 127.0.0.1 /order/code/Home/Statistict
INFO: [ app_init ] --START--
INFO: Run Behavior\BuildLiteBehavior [ RunTime:0.000028s ]
INFO: [ app_init ] --END-- [ RunTime:0.000584s ]
ERR: 无法加载控制器:Statistict

[ 2015-04-17T19:18:18+08:00 ] 127.0.0.1 /order/code/Home/Statistict
INFO: [ app_init ] --START--
INFO: Run Behavior\BuildLiteBehavior [ RunTime:0.000031s ]
INFO: [ app_init ] --END-- [ RunTime:0.000602s ]
ERR: 无法加载控制器:Statistict

[ 2015-04-17T19:20:30+08:00 ] 127.0.0.1 /order/code/Home/Statistict
INFO: [ app_init ] --START--
INFO: Run Behavior\BuildLiteBehavior [ RunTime:0.000019s ]
INFO: [ app_init ] --END-- [ RunTime:0.000435s ]
ERR: 无法加载控制器:Statistict

[ 2015-04-17T19:20:46+08:00 ] 127.0.0.1 /order/code/Home/Statistic
INFO: [ app_init ] --START--
INFO: Run Behavior\BuildLiteBehavior [ RunTime:0.000048s ]
INFO: [ app_init ] --END-- [ RunTime:0.000746s ]

[ 2015-04-17T19:20:52+08:00 ] 127.0.0.1 /order/code/Home/Statistict
INFO: [ app_init ] --START--
INFO: Run Behavior\BuildLiteBehavior [ RunTime:0.000040s ]
INFO: [ app_init ] --END-- [ RunTime:0.000730s ]
ERR: 无法加载控制器:Statistict

[ 2015-04-17T19:21:21+08:00 ] 127.0.0.1 /order/code/Home/Statistic
INFO: [ app_init ] --START--
INFO: Run Behavior\BuildLiteBehavior [ RunTime:0.000028s ]
INFO: [ app_init ] --END-- [ RunTime:0.000477s ]

[ 2015-04-17T19:21:30+08:00 ] 127.0.0.1 /order/code/Home/Statistic
INFO: [ app_init ] --START--
INFO: Run Behavior\BuildLiteBehavior [ RunTime:0.000070s ]
INFO: [ app_init ] --END-- [ RunTime:0.002049s ]

[ 2015-04-17T19:21:46+08:00 ] 127.0.0.1 /order/code/Home/Statistic
INFO: [ app_init ] --START--
INFO: Run Behavior\BuildLiteBehavior [ RunTime:0.000019s ]
INFO: [ app_init ] --END-- [ RunTime:0.000485s ]

[ 2015-04-17T19:21:58+08:00 ] 127.0.0.1 /order/code/Home/Statistic
INFO: [ app_init ] --START--
INFO: Run Behavior\BuildLiteBehavior [ RunTime:0.000035s ]
INFO: [ app_init ] --END-- [ RunTime:0.000499s ]

[ 2015-04-17T19:24:28+08:00 ] 127.0.0.1 /order/code/Home/Statistic
INFO: [ app_init ] --START--
INFO: Run Behavior\BuildLiteBehavior [ RunTime:0.000019s ]
INFO: [ app_init ] --END-- [ RunTime:0.000434s ]

[ 2015-04-17T19:24:33+08:00 ] 127.0.0.1 /order/code/Home/Statistic
INFO: [ app_init ] --START--
INFO: Run Behavior\BuildLiteBehavior [ RunTime:0.000019s ]
INFO: [ app_init ] --END-- [ RunTime:0.000406s ]

[ 2015-04-17T19:24:44+08:00 ] 127.0.0.1 /order/code/Home/Statistic
INFO: [ app_init ] --START--
INFO: Run Behavior\BuildLiteBehavior [ RunTime:0.000030s ]
INFO: [ app_init ] --END-- [ RunTime:0.000773s ]

[ 2015-04-17T19:25:04+08:00 ] 127.0.0.1 /order/code/Home/Statistic
INFO: [ app_init ] --START--
INFO: Run Behavior\BuildLiteBehavior [ RunTime:0.000034s ]
INFO: [ app_init ] --END-- [ RunTime:0.000627s ]

[ 2015-04-17T19:25:07+08:00 ] 127.0.0.1 /order/code/Home/Statistic?
INFO: [ app_init ] --START--
INFO: Run Behavior\BuildLiteBehavior [ RunTime:0.000019s ]
INFO: [ app_init ] --END-- [ RunTime:0.000354s ]

[ 2015-04-17T19:25:21+08:00 ] 127.0.0.1 /order/code/Home/Statistic?
INFO: [ app_init ] --START--
INFO: Run Behavior\BuildLiteBehavior [ RunTime:0.000020s ]
INFO: [ app_init ] --END-- [ RunTime:0.000370s ]

[ 2015-04-17T19:25:35+08:00 ] 127.0.0.1 /order/code/Home/Statistic?
INFO: [ app_init ] --START--
INFO: Run Behavior\BuildLiteBehavior [ RunTime:0.000025s ]
INFO: [ app_init ] --END-- [ RunTime:0.000604s ]

[ 2015-04-17T19:26:02+08:00 ] 127.0.0.1 /order/code/Home/Statistic?
INFO: [ app_init ] --START--
INFO: Run Behavior\BuildLiteBehavior [ RunTime:0.000045s ]
INFO: [ app_init ] --END-- [ RunTime:0.000863s ]

[ 2015-04-17T19:26:12+08:00 ] 127.0.0.1 /order/code/Home/Statistic?
INFO: [ app_init ] --START--
INFO: Run Behavior\BuildLiteBehavior [ RunTime:0.000020s ]
INFO: [ app_init ] --END-- [ RunTime:0.000656s ]

[ 2015-04-17T19:26:20+08:00 ] 127.0.0.1 /order/code/Home/Statistic?
INFO: [ app_init ] --START--
INFO: Run Behavior\BuildLiteBehavior [ RunTime:0.000025s ]
INFO: [ app_init ] --END-- [ RunTime:0.000911s ]

[ 2015-04-17T19:28:29+08:00 ] 127.0.0.1 /order/code/Home/Statistic?
INFO: [ app_init ] --START--
INFO: Run Behavior\BuildLiteBehavior [ RunTime:0.000025s ]
INFO: [ app_init ] --END-- [ RunTime:0.000532s ]

[ 2015-04-17T19:29:34+08:00 ] 127.0.0.1 /order/code/Home/Statistic?
INFO: [ app_init ] --START--
INFO: Run Behavior\BuildLiteBehavior [ RunTime:0.000030s ]
INFO: [ app_init ] --END-- [ RunTime:0.000680s ]

[ 2015-04-17T19:30:15+08:00 ] 127.0.0.1 /order/code/Home/Statistic?
INFO: [ app_init ] --START--
INFO: Run Behavior\BuildLiteBehavior [ RunTime:0.000016s ]
INFO: [ app_init ] --END-- [ RunTime:0.000339s ]

[ 2015-04-17T19:30:48+08:00 ] 127.0.0.1 /order/code/Home/Statistic?
INFO: [ app_init ] --START--
INFO: Run Behavior\BuildLiteBehavior [ RunTime:0.000030s ]
INFO: [ app_init ] --END-- [ RunTime:0.000467s ]

[ 2015-04-17T19:30:54+08:00 ] 127.0.0.1 /order/code/Home/Statistic?
INFO: [ app_init ] --START--
INFO: Run Behavior\BuildLiteBehavior [ RunTime:0.000026s ]
INFO: [ app_init ] --END-- [ RunTime:0.000598s ]

[ 2015-04-17T19:36:34+08:00 ] 127.0.0.1 /order/code/Home/Statistic?
INFO: [ app_init ] --START--
INFO: Run Behavior\BuildLiteBehavior [ RunTime:0.000027s ]
INFO: [ app_init ] --END-- [ RunTime:0.000650s ]

[ 2015-04-17T19:51:44+08:00 ] 127.0.0.1 /order/code/Home/Statistic?
INFO: [ app_init ] --START--
INFO: Run Behavior\BuildLiteBehavior [ RunTime:0.000069s ]
INFO: [ app_init ] --END-- [ RunTime:0.001687s ]

[ 2015-04-17T20:21:15+08:00 ] 127.0.0.1 /order/code/Home/Statistic?
INFO: [ app_init ] --START--
INFO: Run Behavior\BuildLiteBehavior [ RunTime:0.000025s ]
INFO: [ app_init ] --END-- [ RunTime:0.000537s ]

[ 2015-04-17T20:21:26+08:00 ] 127.0.0.1 /order/code/Home/Statistic
INFO: [ app_init ] --START--
INFO: Run Behavior\BuildLiteBehavior [ RunTime:0.000062s ]
INFO: [ app_init ] --END-- [ RunTime:0.001005s ]

[ 2015-04-17T20:21:29+08:00 ] 127.0.0.1 /order/code/Home/Statistic
INFO: [ app_init ] --START--
INFO: Run Behavior\BuildLiteBehavior [ RunTime:0.000017s ]
INFO: [ app_init ] --END-- [ RunTime:0.000367s ]

[ 2015-04-17T20:24:47+08:00 ] 127.0.0.1 /order/code/Home/Statistic
INFO: [ app_init ] --START--
INFO: Run Behavior\BuildLiteBehavior [ RunTime:0.000026s ]
INFO: [ app_init ] --END-- [ RunTime:0.000631s ]

[ 2015-04-17T20:24:52+08:00 ] 127.0.0.1 /order/code/Home/Statistic
INFO: [ app_init ] --START--
INFO: Run Behavior\BuildLiteBehavior [ RunTime:0.000026s ]
INFO: [ app_init ] --END-- [ RunTime:0.000492s ]

[ 2015-04-17T20:25:01+08:00 ] 127.0.0.1 /order/code/Home/Statistic
INFO: [ app_init ] --START--
INFO: Run Behavior\BuildLiteBehavior [ RunTime:0.000022s ]
INFO: [ app_init ] --END-- [ RunTime:0.000509s ]

[ 2015-04-17T20:25:04+08:00 ] 127.0.0.1 /order/code/Home/Statistic
INFO: [ app_init ] --START--
INFO: Run Behavior\BuildLiteBehavior [ RunTime:0.000019s ]
INFO: [ app_init ] --END-- [ RunTime:0.000420s ]

[ 2015-04-17T20:25:11+08:00 ] 127.0.0.1 /order/code/Home/Statistic
INFO: [ app_init ] --START--
INFO: Run Behavior\BuildLiteBehavior [ RunTime:0.000022s ]
INFO: [ app_init ] --END-- [ RunTime:0.000495s ]

[ 2015-04-17T20:26:06+08:00 ] 127.0.0.1 /order/code/Home/Statistic
INFO: [ app_init ] --START--
INFO: Run Behavior\BuildLiteBehavior [ RunTime:0.000022s ]
INFO: [ app_init ] --END-- [ RunTime:0.000378s ]

[ 2015-04-17T20:26:19+08:00 ] 127.0.0.1 /order/code/Home/Statistic
INFO: [ app_init ] --START--
INFO: Run Behavior\BuildLiteBehavior [ RunTime:0.000019s ]
INFO: [ app_init ] --END-- [ RunTime:0.000507s ]

[ 2015-04-17T20:26:57+08:00 ] 127.0.0.1 /order/code/Home/Statistic
INFO: [ app_init ] --START--
INFO: Run Behavior\BuildLiteBehavior [ RunTime:0.000020s ]
INFO: [ app_init ] --END-- [ RunTime:0.000440s ]

[ 2015-04-17T20:27:32+08:00 ] 127.0.0.1 /order/code/Home/Statistic
INFO: [ app_init ] --START--
INFO: Run Behavior\BuildLiteBehavior [ RunTime:0.000032s ]
INFO: [ app_init ] --END-- [ RunTime:0.000555s ]

[ 2015-04-17T20:27:35+08:00 ] 127.0.0.1 /order/code/Home/Statistic
INFO: [ app_init ] --START--
INFO: Run Behavior\BuildLiteBehavior [ RunTime:0.000017s ]
INFO: [ app_init ] --END-- [ RunTime:0.000363s ]

[ 2015-04-17T20:28:02+08:00 ] 127.0.0.1 /order/code/Home/Statistic
INFO: [ app_init ] --START--
INFO: Run Behavior\BuildLiteBehavior [ RunTime:0.000035s ]
INFO: [ app_init ] --END-- [ RunTime:0.000747s ]

[ 2015-04-17T20:28:08+08:00 ] 127.0.0.1 /order/code/Home/Statistic
INFO: [ app_init ] --START--
INFO: Run Behavior\BuildLiteBehavior [ RunTime:0.000018s ]
INFO: [ app_init ] --END-- [ RunTime:0.000394s ]

[ 2015-04-17T20:28:17+08:00 ] 127.0.0.1 /order/code/Home/Statistic
INFO: [ app_init ] --START--
INFO: Run Behavior\BuildLiteBehavior [ RunTime:0.000033s ]
INFO: [ app_init ] --END-- [ RunTime:0.000734s ]

[ 2015-04-17T20:28:38+08:00 ] 127.0.0.1 /order/code/Home/Statistic
INFO: [ app_init ] --START--
INFO: Run Behavior\BuildLiteBehavior [ RunTime:0.000029s ]
INFO: [ app_init ] --END-- [ RunTime:0.000617s ]

[ 2015-04-17T20:29:27+08:00 ] 127.0.0.1 /order/code/Home/Statistic
INFO: [ app_init ] --START--
INFO: Run Behavior\BuildLiteBehavior [ RunTime:0.000064s ]
INFO: [ app_init ] --END-- [ RunTime:0.000883s ]

[ 2015-04-17T20:29:33+08:00 ] 127.0.0.1 /order/code/Home/Statistic
INFO: [ app_init ] --START--
INFO: Run Behavior\BuildLiteBehavior [ RunTime:0.000023s ]
INFO: [ app_init ] --END-- [ RunTime:0.000561s ]

[ 2015-04-17T20:29:41+08:00 ] 127.0.0.1 /order/code/Home/Statistic
INFO: [ app_init ] --START--
INFO: Run Behavior\BuildLiteBehavior [ RunTime:0.000027s ]
INFO: [ app_init ] --END-- [ RunTime:0.000603s ]

[ 2015-04-17T20:30:23+08:00 ] 127.0.0.1 /order/code/Home/Statistic
INFO: [ app_init ] --START--
INFO: Run Behavior\BuildLiteBehavior [ RunTime:0.000035s ]
INFO: [ app_init ] --END-- [ RunTime:0.001136s ]

[ 2015-04-17T20:30:36+08:00 ] 127.0.0.1 /order/code/Home/Statistic
INFO: [ app_init ] --START--
INFO: Run Behavior\BuildLiteBehavior [ RunTime:0.000022s ]
INFO: [ app_init ] --END-- [ RunTime:0.000475s ]

[ 2015-04-17T20:30:45+08:00 ] 127.0.0.1 /order/code/Home/Statistic
INFO: [ app_init ] --START--
INFO: Run Behavior\BuildLiteBehavior [ RunTime:0.000021s ]
INFO: [ app_init ] --END-- [ RunTime:0.000447s ]

[ 2015-04-17T20:31:11+08:00 ] 127.0.0.1 /order/code/Home/Statistic
INFO: [ app_init ] --START--
INFO: Run Behavior\BuildLiteBehavior [ RunTime:0.000019s ]
INFO: [ app_init ] --END-- [ RunTime:0.000364s ]

[ 2015-04-17T20:31:39+08:00 ] 127.0.0.1 /order/code/Home/Statistic
INFO: [ app_init ] --START--
INFO: Run Behavior\BuildLiteBehavior [ RunTime:0.000022s ]
INFO: [ app_init ] --END-- [ RunTime:0.000488s ]

[ 2015-04-17T20:31:49+08:00 ] 127.0.0.1 /order/code/Home/Statistic
INFO: [ app_init ] --START--
INFO: Run Behavior\BuildLiteBehavior [ RunTime:0.000041s ]
INFO: [ app_init ] --END-- [ RunTime:0.000714s ]

[ 2015-04-17T20:32:13+08:00 ] 127.0.0.1 /order/code/Home/Statistic
INFO: [ app_init ] --START--
INFO: Run Behavior\BuildLiteBehavior [ RunTime:0.000019s ]
INFO: [ app_init ] --END-- [ RunTime:0.000413s ]

[ 2015-04-17T20:32:21+08:00 ] 127.0.0.1 /order/code/Home/Statistic
INFO: [ app_init ] --START--
INFO: Run Behavior\BuildLiteBehavior [ RunTime:0.000084s ]
INFO: [ app_init ] --END-- [ RunTime:0.001319s ]

[ 2015-04-17T20:32:30+08:00 ] 127.0.0.1 /order/code/Home/Statistic
INFO: [ app_init ] --START--
INFO: Run Behavior\BuildLiteBehavior [ RunTime:0.000035s ]
INFO: [ app_init ] --END-- [ RunTime:0.000561s ]

[ 2015-04-17T20:34:08+08:00 ] 127.0.0.1 /order/code/Home/Statistic
INFO: [ app_init ] --START--
INFO: Run Behavior\BuildLiteBehavior [ RunTime:0.000035s ]
INFO: [ app_init ] --END-- [ RunTime:0.001376s ]

[ 2015-04-17T20:35:39+08:00 ] 127.0.0.1 /order/code/Home/Statistic
INFO: [ app_init ] --START--
INFO: Run Behavior\BuildLiteBehavior [ RunTime:0.000024s ]
INFO: [ app_init ] --END-- [ RunTime:0.000512s ]

[ 2015-04-17T20:35:49+08:00 ] 127.0.0.1 /order/code/Home/Statistic
INFO: [ app_init ] --START--
INFO: Run Behavior\BuildLiteBehavior [ RunTime:0.000018s ]
INFO: [ app_init ] --END-- [ RunTime:0.000392s ]

[ 2015-04-17T20:35:58+08:00 ] 127.0.0.1 /order/code/Home/Statistic
INFO: [ app_init ] --START--
INFO: Run Behavior\BuildLiteBehavior [ RunTime:0.000034s ]
INFO: [ app_init ] --END-- [ RunTime:0.000690s ]

[ 2015-04-17T20:36:08+08:00 ] 127.0.0.1 /order/code/Home/Statistic
INFO: [ app_init ] --START--
INFO: Run Behavior\BuildLiteBehavior [ RunTime:0.000032s ]
INFO: [ app_init ] --END-- [ RunTime:0.000711s ]

[ 2015-04-17T20:36:16+08:00 ] 127.0.0.1 /order/code/Home/Statistic
INFO: [ app_init ] --START--
INFO: Run Behavior\BuildLiteBehavior [ RunTime:0.000029s ]
INFO: [ app_init ] --END-- [ RunTime:0.000636s ]

[ 2015-04-17T20:37:46+08:00 ] 127.0.0.1 /order/code/Home/Statistic
INFO: [ app_init ] --START--
INFO: Run Behavior\BuildLiteBehavior [ RunTime:0.000049s ]
INFO: [ app_init ] --END-- [ RunTime:0.000679s ]

[ 2015-04-17T20:38:02+08:00 ] 127.0.0.1 /order/code/Home/Statistic
INFO: [ app_init ] --START--
INFO: Run Behavior\BuildLiteBehavior [ RunTime:0.000027s ]
INFO: [ app_init ] --END-- [ RunTime:0.000777s ]

[ 2015-04-17T20:38:07+08:00 ] 127.0.0.1 /order/code/Home/Statistic
INFO: [ app_init ] --START--
INFO: Run Behavior\BuildLiteBehavior [ RunTime:0.000018s ]
INFO: [ app_init ] --END-- [ RunTime:0.000379s ]

[ 2015-04-17T20:38:18+08:00 ] 127.0.0.1 /order/code/Home/Statistic
INFO: [ app_init ] --START--
INFO: Run Behavior\BuildLiteBehavior [ RunTime:0.000043s ]
INFO: [ app_init ] --END-- [ RunTime:0.000899s ]

[ 2015-04-17T20:38:24+08:00 ] 127.0.0.1 /order/code/Home/Statistic
INFO: [ app_init ] --START--
INFO: Run Behavior\BuildLiteBehavior [ RunTime:0.000032s ]
INFO: [ app_init ] --END-- [ RunTime:0.000464s ]

[ 2015-04-17T20:38:58+08:00 ] 127.0.0.1 /order/code/Home/Statistic
INFO: [ app_init ] --START--
INFO: Run Behavior\BuildLiteBehavior [ RunTime:0.000022s ]
INFO: [ app_init ] --END-- [ RunTime:0.000480s ]

[ 2015-04-17T20:39:11+08:00 ] 127.0.0.1 /order/code/Home/Statistic
INFO: [ app_init ] --START--
INFO: Run Behavior\BuildLiteBehavior [ RunTime:0.000032s ]
INFO: [ app_init ] --END-- [ RunTime:0.000638s ]

[ 2015-04-17T20:39:24+08:00 ] 127.0.0.1 /order/code/Home/Statistic
INFO: [ app_init ] --START--
INFO: Run Behavior\BuildLiteBehavior [ RunTime:0.000028s ]
INFO: [ app_init ] --END-- [ RunTime:0.000536s ]

[ 2015-04-17T20:40:08+08:00 ] 127.0.0.1 /order/code/Home/Statistic
INFO: [ app_init ] --START--
INFO: Run Behavior\BuildLiteBehavior [ RunTime:0.000020s ]
INFO: [ app_init ] --END-- [ RunTime:0.000467s ]

[ 2015-04-17T20:40:18+08:00 ] 127.0.0.1 /order/code/Home/Statistic
INFO: [ app_init ] --START--
INFO: Run Behavior\BuildLiteBehavior [ RunTime:0.000048s ]
INFO: [ app_init ] --END-- [ RunTime:0.000826s ]

[ 2015-04-17T20:40:43+08:00 ] 127.0.0.1 /order/code/Home/Statistic
INFO: [ app_init ] --START--
INFO: Run Behavior\BuildLiteBehavior [ RunTime:0.000027s ]
INFO: [ app_init ] --END-- [ RunTime:0.000568s ]

[ 2015-04-17T20:42:42+08:00 ] 127.0.0.1 /order/code/Home/Statistic
INFO: [ app_init ] --START--
INFO: Run Behavior\BuildLiteBehavior [ RunTime:0.000045s ]
INFO: [ app_init ] --END-- [ RunTime:0.000838s ]

[ 2015-04-17T20:43:49+08:00 ] 127.0.0.1 /order/code/Home/Statistic
INFO: [ app_init ] --START--
INFO: Run Behavior\BuildLiteBehavior [ RunTime:0.000019s ]
INFO: [ app_init ] --END-- [ RunTime:0.000392s ]

[ 2015-04-17T20:44:04+08:00 ] 127.0.0.1 /order/code/Home/Statistict
INFO: [ app_init ] --START--
INFO: Run Behavior\BuildLiteBehavior [ RunTime:0.000019s ]
INFO: [ app_init ] --END-- [ RunTime:0.000370s ]
ERR: 无法加载控制器:Statistict

[ 2015-04-17T20:44:07+08:00 ] 127.0.0.1 /order/code/Home/Statistic
INFO: [ app_init ] --START--
INFO: Run Behavior\BuildLiteBehavior [ RunTime:0.000032s ]
INFO: [ app_init ] --END-- [ RunTime:0.000614s ]

[ 2015-04-17T20:44:41+08:00 ] 127.0.0.1 /order/code/Home/Statistic
INFO: [ app_init ] --START--
INFO: Run Behavior\BuildLiteBehavior [ RunTime:0.000019s ]
INFO: [ app_init ] --END-- [ RunTime:0.000427s ]

[ 2015-04-17T20:44:48+08:00 ] 127.0.0.1 /order/code/Home/Statistic
INFO: [ app_init ] --START--
INFO: Run Behavior\BuildLiteBehavior [ RunTime:0.000079s ]
INFO: [ app_init ] --END-- [ RunTime:0.001036s ]

[ 2015-04-17T20:45:29+08:00 ] 127.0.0.1 /order/code/Home/Statistic
INFO: [ app_init ] --START--
INFO: Run Behavior\BuildLiteBehavior [ RunTime:0.000035s ]
INFO: [ app_init ] --END-- [ RunTime:0.000728s ]

[ 2015-04-17T20:46:05+08:00 ] 127.0.0.1 /order/code/Home/Statistic
INFO: [ app_init ] --START--
INFO: Run Behavior\BuildLiteBehavior [ RunTime:0.000029s ]
INFO: [ app_init ] --END-- [ RunTime:0.000730s ]

[ 2015-04-17T20:46:41+08:00 ] 127.0.0.1 /order/code/Home/Statistic
INFO: [ app_init ] --START--
INFO: Run Behavior\BuildLiteBehavior [ RunTime:0.000034s ]
INFO: [ app_init ] --END-- [ RunTime:0.000783s ]

[ 2015-04-17T20:47:02+08:00 ] 127.0.0.1 /order/code/Home/Statistic
INFO: [ app_init ] --START--
INFO: Run Behavior\BuildLiteBehavior [ RunTime:0.000025s ]
INFO: [ app_init ] --END-- [ RunTime:0.000504s ]

[ 2015-04-17T20:48:11+08:00 ] 127.0.0.1 /order/code/Home/Statistic
INFO: [ app_init ] --START--
INFO: Run Behavior\BuildLiteBehavior [ RunTime:0.000031s ]
INFO: [ app_init ] --END-- [ RunTime:0.000702s ]

[ 2015-04-17T20:48:30+08:00 ] 127.0.0.1 /order/code/Home/Statistic
INFO: [ app_init ] --START--
INFO: Run Behavior\BuildLiteBehavior [ RunTime:0.000033s ]
INFO: [ app_init ] --END-- [ RunTime:0.000917s ]

[ 2015-04-17T20:48:41+08:00 ] 127.0.0.1 /order/code/Home/Statistic
INFO: [ app_init ] --START--
INFO: Run Behavior\BuildLiteBehavior [ RunTime:0.000042s ]
INFO: [ app_init ] --END-- [ RunTime:0.000417s ]

[ 2015-04-17T20:48:45+08:00 ] 127.0.0.1 /order/code/Home/Statistic
INFO: [ app_init ] --START--
INFO: Run Behavior\BuildLiteBehavior [ RunTime:0.000019s ]
INFO: [ app_init ] --END-- [ RunTime:0.000422s ]

[ 2015-04-17T20:48:49+08:00 ] 127.0.0.1 /order/code/Home/Statistic
INFO: [ app_init ] --START--
INFO: Run Behavior\BuildLiteBehavior [ RunTime:0.000019s ]
INFO: [ app_init ] --END-- [ RunTime:0.000420s ]

[ 2015-04-17T20:51:09+08:00 ] 127.0.0.1 /order/code/Home/Statistic
INFO: [ app_init ] --START--
INFO: Run Behavior\BuildLiteBehavior [ RunTime:0.000035s ]
INFO: [ app_init ] --END-- [ RunTime:0.000642s ]

[ 2015-04-17T20:52:18+08:00 ] 127.0.0.1 /order/code/Home/Statistic
INFO: [ app_init ] --START--
INFO: Run Behavior\BuildLiteBehavior [ RunTime:0.000028s ]
INFO: [ app_init ] --END-- [ RunTime:0.000518s ]

[ 2015-04-17T20:54:29+08:00 ] 127.0.0.1 /order/code/Home/Statistic
INFO: [ app_init ] --START--
INFO: Run Behavior\BuildLiteBehavior [ RunTime:0.000020s ]
INFO: [ app_init ] --END-- [ RunTime:0.000467s ]

[ 2015-04-17T20:57:15+08:00 ] 127.0.0.1 /order/code/Home/Statistic
INFO: [ app_init ] --START--
INFO: Run Behavior\BuildLiteBehavior [ RunTime:0.000036s ]
INFO: [ app_init ] --END-- [ RunTime:0.000785s ]

[ 2015-04-17T20:58:25+08:00 ] 127.0.0.1 /order/code/Home/Statistic
INFO: [ app_init ] --START--
INFO: Run Behavior\BuildLiteBehavior [ RunTime:0.000031s ]
INFO: [ app_init ] --END-- [ RunTime:0.000732s ]

[ 2015-04-17T20:59:08+08:00 ] 127.0.0.1 /order/code/Home/Statistic
INFO: [ app_init ] --START--
INFO: Run Behavior\BuildLiteBehavior [ RunTime:0.000059s ]
INFO: [ app_init ] --END-- [ RunTime:0.001005s ]

[ 2015-04-17T20:59:31+08:00 ] 127.0.0.1 /order/code/Home/Statistic
INFO: [ app_init ] --START--
INFO: Run Behavior\BuildLiteBehavior [ RunTime:0.000027s ]
INFO: [ app_init ] --END-- [ RunTime:0.000861s ]

[ 2015-04-17T20:59:36+08:00 ] 127.0.0.1 /order/code/Home/Statistic
INFO: [ app_init ] --START--
INFO: Run Behavior\BuildLiteBehavior [ RunTime:0.000030s ]
INFO: [ app_init ] --END-- [ RunTime:0.000739s ]

[ 2015-04-17T21:00:30+08:00 ] 127.0.0.1 /order/code/Home/Statistic
INFO: [ app_init ] --START--
INFO: Run Behavior\BuildLiteBehavior [ RunTime:0.000030s ]
INFO: [ app_init ] --END-- [ RunTime:0.000574s ]

[ 2015-04-17T21:00:49+08:00 ] 127.0.0.1 /order/code/Home/Statistic
INFO: [ app_init ] --START--
INFO: Run Behavior\BuildLiteBehavior [ RunTime:0.000018s ]
INFO: [ app_init ] --END-- [ RunTime:0.000352s ]

[ 2015-04-17T21:00:57+08:00 ] 127.0.0.1 /order/code/Home/Statistic
INFO: [ app_init ] --START--
INFO: Run Behavior\BuildLiteBehavior [ RunTime:0.000018s ]
INFO: [ app_init ] --END-- [ RunTime:0.000386s ]

[ 2015-04-17T21:01:43+08:00 ] 127.0.0.1 /order/code/Home/Statistic
INFO: [ app_init ] --START--
INFO: Run Behavior\BuildLiteBehavior [ RunTime:0.000025s ]
INFO: [ app_init ] --END-- [ RunTime:0.000566s ]

[ 2015-04-17T21:01:57+08:00 ] 127.0.0.1 /order/code/Home/Statistic
INFO: [ app_init ] --START--
INFO: Run Behavior\BuildLiteBehavior [ RunTime:0.000019s ]
INFO: [ app_init ] --END-- [ RunTime:0.000489s ]

[ 2015-04-17T21:03:37+08:00 ] 127.0.0.1 /order/code/Home/Statistic
INFO: [ app_init ] --START--
INFO: Run Behavior\BuildLiteBehavior [ RunTime:0.000019s ]
INFO: [ app_init ] --END-- [ RunTime:0.000393s ]

[ 2015-04-17T21:03:52+08:00 ] 127.0.0.1 /order/code/Home/Statistic
INFO: [ app_init ] --START--
INFO: Run Behavior\BuildLiteBehavior [ RunTime:0.000028s ]
INFO: [ app_init ] --END-- [ RunTime:0.000767s ]

[ 2015-04-17T21:05:46+08:00 ] 127.0.0.1 /order/code/Home/Statistic
INFO: [ app_init ] --START--
INFO: Run Behavior\BuildLiteBehavior [ RunTime:0.000140s ]
INFO: [ app_init ] --END-- [ RunTime:0.001509s ]

[ 2015-04-17T21:07:36+08:00 ] 127.0.0.1 /order/code/Home/Statistic
INFO: [ app_init ] --START--
INFO: Run Behavior\BuildLiteBehavior [ RunTime:0.000026s ]
INFO: [ app_init ] --END-- [ RunTime:0.000563s ]

[ 2015-04-17T21:07:41+08:00 ] 127.0.0.1 /order/code/Home/Statistic
INFO: [ app_init ] --START--
INFO: Run Behavior\BuildLiteBehavior [ RunTime:0.000028s ]
INFO: [ app_init ] --END-- [ RunTime:0.000563s ]

[ 2015-04-17T21:07:46+08:00 ] 127.0.0.1 /order/code/Home/
INFO: [ app_init ] --START--
INFO: Run Behavior\BuildLiteBehavior [ RunTime:0.000030s ]
INFO: [ app_init ] --END-- [ RunTime:0.000565s ]

[ 2015-04-17T21:07:57+08:00 ] 127.0.0.1 /order/code/Home/Statistic
INFO: [ app_init ] --START--
INFO: Run Behavior\BuildLiteBehavior [ RunTime:0.000057s ]
INFO: [ app_init ] --END-- [ RunTime:0.000956s ]

[ 2015-04-17T21:07:59+08:00 ] 127.0.0.1 /order/code/Home/
INFO: [ app_init ] --START--
INFO: Run Behavior\BuildLiteBehavior [ RunTime:0.000018s ]
INFO: [ app_init ] --END-- [ RunTime:0.000364s ]

[ 2015-04-17T21:08:12+08:00 ] 127.0.0.1 /order/code/Home/Statistic
INFO: [ app_init ] --START--
INFO: Run Behavior\BuildLiteBehavior [ RunTime:0.000034s ]
INFO: [ app_init ] --END-- [ RunTime:0.001223s ]

[ 2015-04-17T21:08:16+08:00 ] 127.0.0.1 /order/code/Home/index.html
INFO: [ app_init ] --START--
INFO: Run Behavior\BuildLiteBehavior [ RunTime:0.000018s ]
INFO: [ app_init ] --END-- [ RunTime:0.000400s ]

[ 2015-04-17T21:08:20+08:00 ] 127.0.0.1 /order/code/Home/Statistic
INFO: [ app_init ] --START--
INFO: Run Behavior\BuildLiteBehavior [ RunTime:0.000030s ]
INFO: [ app_init ] --END-- [ RunTime:0.000650s ]

[ 2015-04-17T21:09:09+08:00 ] 127.0.0.1 /order/code/Home/Statistic
INFO: [ app_init ] --START--
INFO: Run Behavior\BuildLiteBehavior [ RunTime:0.000019s ]
INFO: [ app_init ] --END-- [ RunTime:0.000367s ]

[ 2015-04-17T21:15:29+08:00 ] 127.0.0.1 /order/code/Home/Statistic
INFO: [ app_init ] --START--
INFO: Run Behavior\BuildLiteBehavior [ RunTime:0.000021s ]
INFO: [ app_init ] --END-- [ RunTime:0.000568s ]

[ 2015-04-17T21:15:41+08:00 ] 127.0.0.1 /order/code/Home/Statistic
INFO: [ app_init ] --START--
INFO: Run Behavior\BuildLiteBehavior [ RunTime:0.000033s ]
INFO: [ app_init ] --END-- [ RunTime:0.000851s ]

[ 2015-04-17T21:15:58+08:00 ] 127.0.0.1 /order/code/Home/Statistic
INFO: [ app_init ] --START--
INFO: Run Behavior\BuildLiteBehavior [ RunTime:0.000031s ]
INFO: [ app_init ] --END-- [ RunTime:0.000688s ]

[ 2015-04-17T21:16:13+08:00 ] 127.0.0.1 /order/code/Home/Statistic
INFO: [ app_init ] --START--
INFO: Run Behavior\BuildLiteBehavior [ RunTime:0.000098s ]
INFO: [ app_init ] --END-- [ RunTime:0.000942s ]

[ 2015-04-17T21:16:26+08:00 ] 127.0.0.1 /order/code/Home/Statistic
INFO: [ app_init ] --START--
INFO: Run Behavior\BuildLiteBehavior [ RunTime:0.000030s ]
INFO: [ app_init ] --END-- [ RunTime:0.000909s ]

[ 2015-04-17T21:16:46+08:00 ] 127.0.0.1 /order/code/Home/Statistic
INFO: [ app_init ] --START--
INFO: Run Behavior\BuildLiteBehavior [ RunTime:0.000024s ]
INFO: [ app_init ] --END-- [ RunTime:0.000549s ]

[ 2015-04-17T21:17:02+08:00 ] 127.0.0.1 /order/code/Home/Statistic
INFO: [ app_init ] --START--
INFO: Run Behavior\BuildLiteBehavior [ RunTime:0.000040s ]
INFO: [ app_init ] --END-- [ RunTime:0.000901s ]

[ 2015-04-17T21:17:07+08:00 ] 127.0.0.1 /order/code/Home/Statistic
INFO: [ app_init ] --START--
INFO: Run Behavior\BuildLiteBehavior [ RunTime:0.000027s ]
INFO: [ app_init ] --END-- [ RunTime:0.000570s ]

[ 2015-04-17T21:40:08+08:00 ] 127.0.0.1 /order/code/Home/Statistic
INFO: [ app_init ] --START--
INFO: Run Behavior\BuildLiteBehavior [ RunTime:0.000074s ]
INFO: [ app_init ] --END-- [ RunTime:0.001160s ]

[ 2015-04-17T21:40:26+08:00 ] 127.0.0.1 /order/code/Home/Statistic
INFO: [ app_init ] --START--
INFO: Run Behavior\BuildLiteBehavior [ RunTime:0.000023s ]
INFO: [ app_init ] --END-- [ RunTime:0.000491s ]

[ 2015-04-17T21:41:09+08:00 ] 127.0.0.1 /order/code/Home/Statistic
INFO: [ app_init ] --START--
INFO: Run Behavior\BuildLiteBehavior [ RunTime:0.000026s ]
INFO: [ app_init ] --END-- [ RunTime:0.000443s ]

[ 2015-04-17T21:41:36+08:00 ] 127.0.0.1 /order/code/Home/Statistic
INFO: [ app_init ] --START--
INFO: Run Behavior\BuildLiteBehavior [ RunTime:0.000035s ]
INFO: [ app_init ] --END-- [ RunTime:0.000732s ]

[ 2015-04-17T21:41:50+08:00 ] 127.0.0.1 /order/code/Home/Statistic
INFO: [ app_init ] --START--
INFO: Run Behavior\BuildLiteBehavior [ RunTime:0.000033s ]
INFO: [ app_init ] --END-- [ RunTime:0.000717s ]

[ 2015-04-17T21:41:57+08:00 ] 127.0.0.1 /order/code/Home/Statistic
INFO: [ app_init ] --START--
INFO: Run Behavior\BuildLiteBehavior [ RunTime:0.000020s ]
INFO: [ app_init ] --END-- [ RunTime:0.000437s ]

[ 2015-04-17T21:42:14+08:00 ] 127.0.0.1 /order/code/Home/Statistic
INFO: [ app_init ] --START--
INFO: Run Behavior\BuildLiteBehavior [ RunTime:0.000018s ]
INFO: [ app_init ] --END-- [ RunTime:0.000408s ]

[ 2015-04-17T21:42:19+08:00 ] 127.0.0.1 /order/code/Home/Statistic
INFO: [ app_init ] --START--
INFO: Run Behavior\BuildLiteBehavior [ RunTime:0.000019s ]
INFO: [ app_init ] --END-- [ RunTime:0.000360s ]

[ 2015-04-17T21:42:38+08:00 ] 127.0.0.1 /order/code/Home/Statistic
INFO: [ app_init ] --START--
INFO: Run Behavior\BuildLiteBehavior [ RunTime:0.000028s ]
INFO: [ app_init ] --END-- [ RunTime:0.000612s ]

[ 2015-04-17T21:42:46+08:00 ] 127.0.0.1 /order/code/Home/Statistic
INFO: [ app_init ] --START--
INFO: Run Behavior\BuildLiteBehavior [ RunTime:0.000026s ]
INFO: [ app_init ] --END-- [ RunTime:0.001081s ]

[ 2015-04-17T21:44:12+08:00 ] 127.0.0.1 /order/code/Home/Statistic
INFO: [ app_init ] --START--
INFO: Run Behavior\BuildLiteBehavior [ RunTime:0.000025s ]
INFO: [ app_init ] --END-- [ RunTime:0.002732s ]

[ 2015-04-17T21:44:19+08:00 ] 127.0.0.1 /order/code/Home/Statistic
INFO: [ app_init ] --START--
INFO: Run Behavior\BuildLiteBehavior [ RunTime:0.000017s ]
INFO: [ app_init ] --END-- [ RunTime:0.000374s ]

[ 2015-04-17T21:44:25+08:00 ] 127.0.0.1 /order/code/Home/Statistic
INFO: [ app_init ] --START--
INFO: Run Behavior\BuildLiteBehavior [ RunTime:0.000018s ]
INFO: [ app_init ] --END-- [ RunTime:0.000413s ]

[ 2015-04-17T21:44:55+08:00 ] 127.0.0.1 /order/code/Home/Statistic?
INFO: [ app_init ] --START--
INFO: Run Behavior\BuildLiteBehavior [ RunTime:0.000032s ]
INFO: [ app_init ] --END-- [ RunTime:0.000770s ]

[ 2015-04-17T21:45:44+08:00 ] 127.0.0.1 /order/code/Home/Statistic?
INFO: [ app_init ] --START--
INFO: Run Behavior\BuildLiteBehavior [ RunTime:0.000029s ]
INFO: [ app_init ] --END-- [ RunTime:0.000647s ]

[ 2015-04-17T21:45:56+08:00 ] 127.0.0.1 /order/code/Home/Statistic?
INFO: [ app_init ] --START--
INFO: Run Behavior\BuildLiteBehavior [ RunTime:0.000017s ]
INFO: [ app_init ] --END-- [ RunTime:0.000340s ]

[ 2015-04-17T21:46:04+08:00 ] 127.0.0.1 /order/code/Home/Statistic?
INFO: [ app_init ] --START--
INFO: Run Behavior\BuildLiteBehavior [ RunTime:0.000029s ]
INFO: [ app_init ] --END-- [ RunTime:0.000543s ]

[ 2015-04-17T21:46:24+08:00 ] 127.0.0.1 /order/code/Home/Statistic?
INFO: [ app_init ] --START--
INFO: Run Behavior\BuildLiteBehavior [ RunTime:0.000019s ]
INFO: [ app_init ] --END-- [ RunTime:0.000365s ]

[ 2015-04-17T21:46:30+08:00 ] 127.0.0.1 /order/code/Home/Statistic?
INFO: [ app_init ] --START--
INFO: Run Behavior\BuildLiteBehavior [ RunTime:0.000061s ]
INFO: [ app_init ] --END-- [ RunTime:0.000877s ]

[ 2015-04-17T21:49:37+08:00 ] 127.0.0.1 /order/code/Home/Statistic?
INFO: [ app_init ] --START--
INFO: Run Behavior\BuildLiteBehavior [ RunTime:0.000018s ]
INFO: [ app_init ] --END-- [ RunTime:0.000425s ]

[ 2015-04-17T21:51:29+08:00 ] 127.0.0.1 /order/code/Home/Statistic?
INFO: [ app_init ] --START--
INFO: Run Behavior\BuildLiteBehavior [ RunTime:0.000021s ]
INFO: [ app_init ] --END-- [ RunTime:0.000513s ]

[ 2015-04-17T21:51:35+08:00 ] 127.0.0.1 /order/code/Home/Statistic?
INFO: [ app_init ] --START--
INFO: Run Behavior\BuildLiteBehavior [ RunTime:0.000016s ]
INFO: [ app_init ] --END-- [ RunTime:0.000324s ]

[ 2015-04-17T21:52:44+08:00 ] 127.0.0.1 /order/code/Home/Statistic?
INFO: [ app_init ] --START--
INFO: Run Behavior\BuildLiteBehavior [ RunTime:0.000020s ]
INFO: [ app_init ] --END-- [ RunTime:0.000541s ]

[ 2015-04-17T21:52:50+08:00 ] 127.0.0.1 /order/code/Home/Statistic?
INFO: [ app_init ] --START--
INFO: Run Behavior\BuildLiteBehavior [ RunTime:0.000019s ]
INFO: [ app_init ] --END-- [ RunTime:0.000405s ]

[ 2015-04-17T21:52:57+08:00 ] 127.0.0.1 /order/code/Home/Statistic?
INFO: [ app_init ] --START--
INFO: Run Behavior\BuildLiteBehavior [ RunTime:0.000046s ]
INFO: [ app_init ] --END-- [ RunTime:0.000831s ]

[ 2015-04-17T22:21:42+08:00 ] 127.0.0.1 /order/code/Home/Statistic?
INFO: [ app_init ] --START--
INFO: Run Behavior\BuildLiteBehavior [ RunTime:0.000031s ]
INFO: [ app_init ] --END-- [ RunTime:0.000850s ]

[ 2015-04-17T22:21:51+08:00 ] 127.0.0.1 /order/code/Home/Statistic/info
INFO: [ app_init ] --START--
INFO: Run Behavior\BuildLiteBehavior [ RunTime:0.000030s ]
INFO: [ app_init ] --END-- [ RunTime:0.000609s ]

[ 2015-04-17T22:21:59+08:00 ] 127.0.0.1 /order/code/Home/Statistic/info
INFO: [ app_init ] --START--
INFO: Run Behavior\BuildLiteBehavior [ RunTime:0.000076s ]
INFO: [ app_init ] --END-- [ RunTime:0.001834s ]

[ 2015-04-17T22:22:11+08:00 ] 127.0.0.1 /order/code/Home/Statistic/info
INFO: [ app_init ] --START--
INFO: Run Behavior\BuildLiteBehavior [ RunTime:0.000030s ]
INFO: [ app_init ] --END-- [ RunTime:0.000620s ]

[ 2015-04-17T22:28:57+08:00 ] 127.0.0.1 /order/code/Home/Statistic/info
INFO: [ app_init ] --START--
INFO: Run Behavior\BuildLiteBehavior [ RunTime:0.000033s ]
INFO: [ app_init ] --END-- [ RunTime:0.000748s ]

[ 2015-04-17T22:29:17+08:00 ] 127.0.0.1 /order/code/Home/Statistic/info
INFO: [ app_init ] --START--
INFO: Run Behavior\BuildLiteBehavior [ RunTime:0.000050s ]
INFO: [ app_init ] --END-- [ RunTime:0.001025s ]

[ 2015-04-17T22:30:43+08:00 ] 127.0.0.1 /order/code/Home/Statistic/info
INFO: [ app_init ] --START--
INFO: Run Behavior\BuildLiteBehavior [ RunTime:0.000026s ]
INFO: [ app_init ] --END-- [ RunTime:0.000907s ]

[ 2015-04-17T22:30:45+08:00 ] 127.0.0.1 /order/code/index.php/Home/Order
INFO: [ app_init ] --START--
INFO: Run Behavior\BuildLiteBehavior [ RunTime:0.000025s ]
INFO: [ app_init ] --END-- [ RunTime:0.000535s ]

[ 2015-04-17T22:30:46+08:00 ] 127.0.0.1 /order/code/index.php/Home/Statisticts
INFO: [ app_init ] --START--
INFO: Run Behavior\BuildLiteBehavior [ RunTime:0.000032s ]
INFO: [ app_init ] --END-- [ RunTime:0.000565s ]
ERR: 无法加载控制器:Statisticts

[ 2015-04-17T22:31:05+08:00 ] 127.0.0.1 /order/code/index.php/Home/Statisticts
INFO: [ app_init ] --START--
INFO: Run Behavior\BuildLiteBehavior [ RunTime:0.000017s ]
INFO: [ app_init ] --END-- [ RunTime:0.000357s ]
ERR: 无法加载控制器:Statisticts

[ 2015-04-17T22:31:08+08:00 ] 127.0.0.1 /order/code/index.php/Home/Statistic
INFO: [ app_init ] --START--
INFO: Run Behavior\BuildLiteBehavior [ RunTime:0.000049s ]
INFO: [ app_init ] --END-- [ RunTime:0.000657s ]

[ 2015-04-17T22:31:10+08:00 ] 127.0.0.1 /order/code/index.php/Home/Statistic
INFO: [ app_init ] --START--
INFO: Run Behavior\BuildLiteBehavior [ RunTime:0.000030s ]
INFO: [ app_init ] --END-- [ RunTime:0.000595s ]

[ 2015-04-17T22:31:11+08:00 ] 127.0.0.1 /order/code/index.php/Home/Statistic/info
INFO: [ app_init ] --START--
INFO: Run Behavior\BuildLiteBehavior [ RunTime:0.000040s ]
INFO: [ app_init ] --END-- [ RunTime:0.000755s ]

[ 2015-04-17T22:36:33+08:00 ] 127.0.0.1 /order/code/index.php/Home/Statistic/info
INFO: [ app_init ] --START--
INFO: Run Behavior\BuildLiteBehavior [ RunTime:0.000023s ]
INFO: [ app_init ] --END-- [ RunTime:0.000538s ]

[ 2015-04-17T22:39:34+08:00 ] 127.0.0.1 /order/code/index.php/Home/Statistic/info
INFO: [ app_init ] --START--
INFO: Run Behavior\BuildLiteBehavior [ RunTime:0.000027s ]
INFO: [ app_init ] --END-- [ RunTime:0.001232s ]

[ 2015-04-17T22:45:22+08:00 ] 127.0.0.1 /order/code/index.php/Home/Item
INFO: [ app_init ] --START--
INFO: Run Behavior\BuildLiteBehavior [ RunTime:0.000018s ]
INFO: [ app_init ] --END-- [ RunTime:0.000413s ]

[ 2015-04-17T22:45:27+08:00 ] 127.0.0.1 /order/code/index.php/Home/Order
INFO: [ app_init ] --START--
INFO: Run Behavior\BuildLiteBehavior [ RunTime:0.000019s ]
INFO: [ app_init ] --END-- [ RunTime:0.000486s ]

[ 2015-04-17T22:45:29+08:00 ] 127.0.0.1 /order/code/index.php/Home/Order/orderInfo
INFO: [ app_init ] --START--
INFO: Run Behavior\BuildLiteBehavior [ RunTime:0.000017s ]
INFO: [ app_init ] --END-- [ RunTime:0.000398s ]

[ 2015-04-17T22:55:11+08:00 ] 127.0.0.1 /order/code/index.php/Home/Item
INFO: [ app_init ] --START--
INFO: Run Behavior\BuildLiteBehavior [ RunTime:0.000027s ]
INFO: [ app_init ] --END-- [ RunTime:0.000441s ]

[ 2015-04-17T22:55:35+08:00 ] 127.0.0.1 /order/code/index.php/Home/Order
INFO: [ app_init ] --START--
INFO: Run Behavior\BuildLiteBehavior [ RunTime:0.000063s ]
INFO: [ app_init ] --END-- [ RunTime:0.000582s ]

[ 2015-04-17T22:55:37+08:00 ] 127.0.0.1 /order/code/index.php/Home/Item
INFO: [ app_init ] --START--
INFO: Run Behavior\BuildLiteBehavior [ RunTime:0.000017s ]
INFO: [ app_init ] --END-- [ RunTime:0.000334s ]

[ 2015-04-17T22:55:41+08:00 ] 127.0.0.1 /order/code/index.php/Home/Order
INFO: [ app_init ] --START--
INFO: Run Behavior\BuildLiteBehavior [ RunTime:0.000030s ]
INFO: [ app_init ] --END-- [ RunTime:0.000612s ]

[ 2015-04-17T22:56:14+08:00 ] 127.0.0.1 /order/code/index.php/Home/Order/orderInfo
INFO: [ app_init ] --START--
INFO: Run Behavior\BuildLiteBehavior [ RunTime:0.000022s ]
INFO: [ app_init ] --END-- [ RunTime:0.000420s ]

[ 2015-04-17T22:56:52+08:00 ] 127.0.0.1 /order/code/index.php/Home/Order/orderItemInfo
INFO: [ app_init ] --START--
INFO: Run Behavior\BuildLiteBehavior [ RunTime:0.000072s ]
INFO: [ app_init ] --END-- [ RunTime:0.000505s ]

[ 2015-04-17T22:58:11+08:00 ] 127.0.0.1 /order/code/index.php/Home/Order/orderItemInfo?
INFO: [ app_init ] --START--
INFO: Run Behavior\BuildLiteBehavior [ RunTime:0.000018s ]
INFO: [ app_init ] --END-- [ RunTime:0.000435s ]

[ 2015-04-17T22:58:13+08:00 ] 127.0.0.1 /order/code/index.php/Home/Order
INFO: [ app_init ] --START--
INFO: Run Behavior\BuildLiteBehavior [ RunTime:0.000016s ]
INFO: [ app_init ] --END-- [ RunTime:0.000337s ]

[ 2015-04-17T22:58:17+08:00 ] 127.0.0.1 /order/code/index.php/Home/Order/orderInfo
INFO: [ app_init ] --START--
INFO: Run Behavior\BuildLiteBehavior [ RunTime:0.000019s ]
INFO: [ app_init ] --END-- [ RunTime:0.000348s ]

[ 2015-04-17T22:58:19+08:00 ] 127.0.0.1 /order/code/index.php/Home/Order/orderItemInfo
INFO: [ app_init ] --START--
INFO: Run Behavior\BuildLiteBehavior [ RunTime:0.000036s ]
INFO: [ app_init ] --END-- [ RunTime:0.000709s ]

[ 2015-04-17T22:58:35+08:00 ] 127.0.0.1 /order/code/index.php/Home/Order
INFO: [ app_init ] --START--
INFO: Run Behavior\BuildLiteBehavior [ RunTime:0.000031s ]
INFO: [ app_init ] --END-- [ RunTime:0.000666s ]

[ 2015-04-17T22:58:39+08:00 ] 127.0.0.1 /order/code/index.php/Home/Statistic
INFO: [ app_init ] --START--
INFO: Run Behavior\BuildLiteBehavior [ RunTime:0.000020s ]
INFO: [ app_init ] --END-- [ RunTime:0.000371s ]

[ 2015-04-17T22:58:41+08:00 ] 127.0.0.1 /order/code/index.php/Home/Statistic?
INFO: [ app_init ] --START--
INFO: Run Behavior\BuildLiteBehavior [ RunTime:0.000019s ]
INFO: [ app_init ] --END-- [ RunTime:0.000379s ]

[ 2015-04-17T22:58:43+08:00 ] 127.0.0.1 /order/code/index.php/Home/Statistic?
INFO: [ app_init ] --START--
INFO: Run Behavior\BuildLiteBehavior [ RunTime:0.000031s ]
INFO: [ app_init ] --END-- [ RunTime:0.000840s ]

[ 2015-04-17T22:59:11+08:00 ] 127.0.0.1 /order/code/index.php/Home/Statistic/info
INFO: [ app_init ] --START--
INFO: Run Behavior\BuildLiteBehavior [ RunTime:0.000033s ]
INFO: [ app_init ] --END-- [ RunTime:0.000492s ]

