[ 2015-04-28T01:51:50+08:00 ] 127.0.0.1 /order/code/index.php/Home/Order/addOrder
INFO: [ app_init ] --START--
INFO: Run Behavior\BuildLiteBehavior [ RunTime:0.000019s ]
INFO: [ app_init ] --END-- [ RunTime:0.000518s ]

[ 2015-04-28T01:51:59+08:00 ] 127.0.0.1 /order/code/index.php/Home
INFO: [ app_init ] --START--
INFO: Run Behavior\BuildLiteBehavior [ RunTime:0.000050s ]
INFO: [ app_init ] --END-- [ RunTime:0.001033s ]

[ 2015-04-28T01:52:02+08:00 ] 127.0.0.1 /order/code/index.php/Home/Index/login
INFO: [ app_init ] --START--
INFO: Run Behavior\BuildLiteBehavior [ RunTime:0.000025s ]
INFO: [ app_init ] --END-- [ RunTime:0.000713s ]

[ 2015-04-28T01:52:03+08:00 ] 127.0.0.1 /order/code/index.php/Home/Order/index.html
INFO: [ app_init ] --START--
INFO: Run Behavior\BuildLiteBehavior [ RunTime:0.000026s ]
INFO: [ app_init ] --END-- [ RunTime:0.000594s ]

[ 2015-04-28T01:52:31+08:00 ] 127.0.0.1 /order/code/index.php/Home/Order/index.html
INFO: [ app_init ] --START--
INFO: Run Behavior\BuildLiteBehavior [ RunTime:0.000016s ]
INFO: [ app_init ] --END-- [ RunTime:0.000319s ]

[ 2015-04-28T01:52:35+08:00 ] 127.0.0.1 /order/code/index.php/Home/Order/addOrder
INFO: [ app_init ] --START--
INFO: Run Behavior\BuildLiteBehavior [ RunTime:0.000038s ]
INFO: [ app_init ] --END-- [ RunTime:0.000665s ]

[ 2015-04-28T01:52:36+08:00 ] 127.0.0.1 /order/code/index.php/Home/Order/addOrderEvent
INFO: [ app_init ] --START--
INFO: Run Behavior\BuildLiteBehavior [ RunTime:0.000030s ]
INFO: [ app_init ] --END-- [ RunTime:0.000566s ]
ERR: 非法操作:addOrderEvent

[ 2015-04-28T01:53:11+08:00 ] 127.0.0.1 /order/code/index.php/Home/Order/addOrder
INFO: [ app_init ] --START--
INFO: Run Behavior\BuildLiteBehavior [ RunTime:0.000015s ]
INFO: [ app_init ] --END-- [ RunTime:0.000316s ]

[ 2015-04-28T01:53:12+08:00 ] 127.0.0.1 /order/code/index.php/Home/Order/addOrderEvent
INFO: [ app_init ] --START--
INFO: Run Behavior\BuildLiteBehavior [ RunTime:0.000017s ]
INFO: [ app_init ] --END-- [ RunTime:0.000386s ]
ERR: 非法操作:addOrderEvent

[ 2015-04-28T01:53:32+08:00 ] 127.0.0.1 /order/code/index.php/Home/Order/addOrderEvent
INFO: [ app_init ] --START--
INFO: Run Behavior\BuildLiteBehavior [ RunTime:0.000017s ]
INFO: [ app_init ] --END-- [ RunTime:0.000352s ]
ERR: 非法操作:addOrderEvent

[ 2015-04-28T01:53:38+08:00 ] 127.0.0.1 /order/code/index.php/Home/Order/addOrderEvent
INFO: [ app_init ] --START--
INFO: Run Behavior\BuildLiteBehavior [ RunTime:0.000018s ]
INFO: [ app_init ] --END-- [ RunTime:0.000353s ]
ERR: 非法操作:addOrderEvent

[ 2015-04-28T01:53:41+08:00 ] 127.0.0.1 /order/code/index.php/Home/Order/addOrderEvent
INFO: [ app_init ] --START--
INFO: Run Behavior\BuildLiteBehavior [ RunTime:0.000029s ]
INFO: [ app_init ] --END-- [ RunTime:0.000551s ]
ERR: 非法操作:addOrderEvent

[ 2015-04-28T01:57:33+08:00 ] 127.0.0.1 /order/code/index.php/Home/Order/addOrderEvent
INFO: [ app_init ] --START--
INFO: Run Behavior\BuildLiteBehavior [ RunTime:0.000020s ]
INFO: [ app_init ] --END-- [ RunTime:0.000459s ]
ERR: 非法操作:addOrderEvent

[ 2015-04-28T01:57:37+08:00 ] 127.0.0.1 /order/code/index.php/Home/Order/addOrderEvent
INFO: [ app_init ] --START--
INFO: Run Behavior\BuildLiteBehavior [ RunTime:0.000018s ]
INFO: [ app_init ] --END-- [ RunTime:0.000360s ]
ERR: 非法操作:addOrderEvent

[ 2015-04-28T01:57:41+08:00 ] 127.0.0.1 /order/code/index.php/Home/Order/addOrderEvent
INFO: [ app_init ] --START--
INFO: Run Behavior\BuildLiteBehavior [ RunTime:0.000035s ]
INFO: [ app_init ] --END-- [ RunTime:0.000521s ]
ERR: 非法操作:addOrderEvent

[ 2015-04-28T01:57:45+08:00 ] 127.0.0.1 /order/code/index.php/Home/Order/addOrderEvent
INFO: [ app_init ] --START--
INFO: Run Behavior\BuildLiteBehavior [ RunTime:0.000018s ]
INFO: [ app_init ] --END-- [ RunTime:0.000464s ]
ERR: 非法操作:addOrderEvent

[ 2015-04-28T01:58:22+08:00 ] 127.0.0.1 /order/code/index.php/Home/Order/addOrderEvent
INFO: [ app_init ] --START--
INFO: Run Behavior\BuildLiteBehavior [ RunTime:0.000019s ]
INFO: [ app_init ] --END-- [ RunTime:0.000392s ]
ERR: 非法操作:addOrderEvent

[ 2015-04-28T01:58:25+08:00 ] 127.0.0.1 /order/code/index.php/Home/Order/addOrderEvent
INFO: [ app_init ] --START--
INFO: Run Behavior\BuildLiteBehavior [ RunTime:0.000018s ]
INFO: [ app_init ] --END-- [ RunTime:0.000344s ]
ERR: 非法操作:addOrderEvent

[ 2015-04-28T01:59:03+08:00 ] 127.0.0.1 /order/code/index.php/Home/Order/addOrderEvent
INFO: [ app_init ] --START--
INFO: Run Behavior\BuildLiteBehavior [ RunTime:0.000017s ]
INFO: [ app_init ] --END-- [ RunTime:0.000346s ]
ERR: 非法操作:addOrderEvent

[ 2015-04-28T01:59:07+08:00 ] 127.0.0.1 /order/code/index.php/Home/Order/addOrderEvent
INFO: [ app_init ] --START--
INFO: Run Behavior\BuildLiteBehavior [ RunTime:0.000017s ]
INFO: [ app_init ] --END-- [ RunTime:0.000383s ]
ERR: 非法操作:addOrderEvent

[ 2015-04-28T01:59:19+08:00 ] 127.0.0.1 /order/code/index.php/Home/Order/addOrderEvent
INFO: [ app_init ] --START--
INFO: Run Behavior\BuildLiteBehavior [ RunTime:0.000018s ]
INFO: [ app_init ] --END-- [ RunTime:0.000369s ]

[ 2015-04-28T01:59:48+08:00 ] 127.0.0.1 /order/code/index.php/Home/Order/addOrderEvent
INFO: [ app_init ] --START--
INFO: Run Behavior\BuildLiteBehavior [ RunTime:0.000018s ]
INFO: [ app_init ] --END-- [ RunTime:0.000437s ]

[ 2015-04-28T02:01:03+08:00 ] 127.0.0.1 /order/code/index.php/Home/Order/addOrderEvent
INFO: [ app_init ] --START--
INFO: Run Behavior\BuildLiteBehavior [ RunTime:0.000032s ]
INFO: [ app_init ] --END-- [ RunTime:0.000693s ]
ERR: SQLSTATE[23000]: Integrity constraint violation: 1048 Column 'creator' cannot be null

[ 2015-04-28T02:02:40+08:00 ] 127.0.0.1 /order/code/index.php/Home/Order/addOrderEvent
INFO: [ app_init ] --START--
INFO: Run Behavior\BuildLiteBehavior [ RunTime:0.000018s ]
INFO: [ app_init ] --END-- [ RunTime:0.000476s ]
ERR: SQLSTATE[23000]: Integrity constraint violation: 1048 Column 'creator' cannot be null

[ 2015-04-28T02:03:01+08:00 ] 127.0.0.1 /order/code/index.php/Home/Order/addOrder
INFO: [ app_init ] --START--
INFO: Run Behavior\BuildLiteBehavior [ RunTime:0.000016s ]
INFO: [ app_init ] --END-- [ RunTime:0.000316s ]

[ 2015-04-28T02:03:04+08:00 ] 127.0.0.1 /order/code/index.php/Home/Order/addOrderEvent
INFO: [ app_init ] --START--
INFO: Run Behavior\BuildLiteBehavior [ RunTime:0.000032s ]
INFO: [ app_init ] --END-- [ RunTime:0.000697s ]
ERR: SQLSTATE[23000]: Integrity constraint violation: 1048 Column 'creator' cannot be null

[ 2015-04-28T02:03:22+08:00 ] 127.0.0.1 /order/code/index.php/Home/Order/addOrder
INFO: [ app_init ] --START--
INFO: Run Behavior\BuildLiteBehavior [ RunTime:0.000014s ]
INFO: [ app_init ] --END-- [ RunTime:0.000317s ]

[ 2015-04-28T02:03:24+08:00 ] 127.0.0.1 /order/code/index.php/Home/Order/addOrderEvent
INFO: [ app_init ] --START--
INFO: Run Behavior\BuildLiteBehavior [ RunTime:0.000019s ]
INFO: [ app_init ] --END-- [ RunTime:0.000479s ]
ERR: SQLSTATE[23000]: Integrity constraint violation: 1048 Column 'creator' cannot be null

[ 2015-04-28T02:04:50+08:00 ] 127.0.0.1 /order/code/index.php/Home/Order/addOrderEvent
INFO: [ app_init ] --START--
INFO: Run Behavior\BuildLiteBehavior [ RunTime:0.000017s ]
INFO: [ app_init ] --END-- [ RunTime:0.000410s ]
ERR: SQLSTATE[23000]: Integrity constraint violation: 1048 Column 'creator' cannot be null

[ 2015-04-28T02:04:57+08:00 ] 127.0.0.1 /order/code/index.php/Home/Order/addOrderEvent
INFO: [ app_init ] --START--
INFO: Run Behavior\BuildLiteBehavior [ RunTime:0.000017s ]
INFO: [ app_init ] --END-- [ RunTime:0.000365s ]
ERR: SQLSTATE[23000]: Integrity constraint violation: 1048 Column 'creator' cannot be null

[ 2015-04-28T02:05:31+08:00 ] 127.0.0.1 /order/code/index.php/Home/Order/addOrder
INFO: [ app_init ] --START--
INFO: Run Behavior\BuildLiteBehavior [ RunTime:0.000015s ]
INFO: [ app_init ] --END-- [ RunTime:0.000362s ]

[ 2015-04-28T02:05:33+08:00 ] 127.0.0.1 /order/code/index.php/Home/Order/addOrderEvent
INFO: [ app_init ] --START--
INFO: Run Behavior\BuildLiteBehavior [ RunTime:0.000027s ]
INFO: [ app_init ] --END-- [ RunTime:0.000688s ]
ERR: SQLSTATE[23000]: Integrity constraint violation: 1048 Column 'creator' cannot be null

[ 2015-04-28T02:05:51+08:00 ] 127.0.0.1 /order/code/index.php/Home/Order/addOrder
INFO: [ app_init ] --START--
INFO: Run Behavior\BuildLiteBehavior [ RunTime:0.000016s ]
INFO: [ app_init ] --END-- [ RunTime:0.000327s ]

[ 2015-04-28T02:05:54+08:00 ] 127.0.0.1 /order/code/index.php/Home/Order/addOrderEvent
INFO: [ app_init ] --START--
INFO: Run Behavior\BuildLiteBehavior [ RunTime:0.000040s ]
INFO: [ app_init ] --END-- [ RunTime:0.000685s ]
ERR: SQLSTATE[23000]: Integrity constraint violation: 1048 Column 'creator' cannot be null

[ 2015-04-28T02:06:30+08:00 ] 127.0.0.1 /order/code/index.php/Home/Order/addOrderEvent
INFO: [ app_init ] --START--
INFO: Run Behavior\BuildLiteBehavior [ RunTime:0.000017s ]
INFO: [ app_init ] --END-- [ RunTime:0.000316s ]

[ 2015-04-28T02:07:20+08:00 ] 127.0.0.1 /order/code/index.php/Home/Order/addOrderEvent
INFO: [ app_init ] --START--
INFO: Run Behavior\BuildLiteBehavior [ RunTime:0.000030s ]
INFO: [ app_init ] --END-- [ RunTime:0.001072s ]

[ 2015-04-28T02:08:15+08:00 ] 127.0.0.1 /order/code/index.php/Home/Order/addOrderEvent
INFO: [ app_init ] --START--
INFO: Run Behavior\BuildLiteBehavior [ RunTime:0.000020s ]
INFO: [ app_init ] --END-- [ RunTime:0.000427s ]

[ 2015-04-28T02:08:31+08:00 ] 127.0.0.1 /order/code/index.php/Home/Order/addOrderEvent
INFO: [ app_init ] --START--
INFO: Run Behavior\BuildLiteBehavior [ RunTime:0.000017s ]
INFO: [ app_init ] --END-- [ RunTime:0.000408s ]

[ 2015-04-28T02:11:59+08:00 ] 127.0.0.1 /order/code/index.php/Home/Order/addOrder
INFO: [ app_init ] --START--
INFO: Run Behavior\BuildLiteBehavior [ RunTime:0.000015s ]
INFO: [ app_init ] --END-- [ RunTime:0.000356s ]

[ 2015-04-28T02:12:02+08:00 ] 127.0.0.1 /order/code/index.php/Home/Order/addOrderEvent
INFO: [ app_init ] --START--
INFO: Run Behavior\BuildLiteBehavior [ RunTime:0.000042s ]
INFO: [ app_init ] --END-- [ RunTime:0.001103s ]

[ 2015-04-28T02:12:38+08:00 ] 127.0.0.1 /order/code/index.php/Home/Order/addOrderEvent
INFO: [ app_init ] --START--
INFO: Run Behavior\BuildLiteBehavior [ RunTime:0.000030s ]
INFO: [ app_init ] --END-- [ RunTime:0.000445s ]

[ 2015-04-28T02:16:38+08:00 ] 127.0.0.1 /order/code/index.php/Home/Order/addOrderEvent
INFO: [ app_init ] --START--
INFO: Run Behavior\BuildLiteBehavior [ RunTime:0.000027s ]
INFO: [ app_init ] --END-- [ RunTime:0.000873s ]

[ 2015-04-28T02:16:47+08:00 ] 127.0.0.1 /order/code/index.php/Home/Order/addOrderEvent
INFO: [ app_init ] --START--
INFO: Run Behavior\BuildLiteBehavior [ RunTime:0.000017s ]
INFO: [ app_init ] --END-- [ RunTime:0.000354s ]

[ 2015-04-28T11:12:27+08:00 ] 127.0.0.1 /order/code/
INFO: [ app_init ] --START--
INFO: Run Behavior\BuildLiteBehavior [ RunTime:0.000027s ]
INFO: [ app_init ] --END-- [ RunTime:0.002109s ]

[ 2015-04-28T11:12:34+08:00 ] 127.0.0.1 /order/code/index.php/Home/Index/login
INFO: [ app_init ] --START--
INFO: Run Behavior\BuildLiteBehavior [ RunTime:0.000018s ]
INFO: [ app_init ] --END-- [ RunTime:0.000382s ]

[ 2015-04-28T11:12:35+08:00 ] 127.0.0.1 /order/code/index.php/Home/Order/index.html
INFO: [ app_init ] --START--
INFO: Run Behavior\BuildLiteBehavior [ RunTime:0.000016s ]
INFO: [ app_init ] --END-- [ RunTime:0.000365s ]

[ 2015-04-28T11:12:54+08:00 ] 127.0.0.1 /order/code/
INFO: [ app_init ] --START--
INFO: Run Behavior\BuildLiteBehavior [ RunTime:0.000015s ]
INFO: [ app_init ] --END-- [ RunTime:0.000310s ]

[ 2015-04-28T11:23:39+08:00 ] 127.0.0.1 /order/code/
INFO: [ app_init ] --START--
INFO: Run Behavior\BuildLiteBehavior [ RunTime:0.000017s ]
INFO: [ app_init ] --END-- [ RunTime:0.000424s ]

[ 2015-04-28T11:23:44+08:00 ] 127.0.0.1 /order/code/index.php/Home/Index/login
INFO: [ app_init ] --START--
INFO: Run Behavior\BuildLiteBehavior [ RunTime:0.000020s ]
INFO: [ app_init ] --END-- [ RunTime:0.000456s ]

[ 2015-04-28T11:23:45+08:00 ] 127.0.0.1 /order/code/index.php/Home/Order/index.html
INFO: [ app_init ] --START--
INFO: Run Behavior\BuildLiteBehavior [ RunTime:0.000018s ]
INFO: [ app_init ] --END-- [ RunTime:0.000382s ]

[ 2015-04-28T11:23:54+08:00 ] 127.0.0.1 /order/code/
INFO: [ app_init ] --START--
INFO: Run Behavior\BuildLiteBehavior [ RunTime:0.000015s ]
INFO: [ app_init ] --END-- [ RunTime:0.000311s ]

[ 2015-04-28T11:23:57+08:00 ] 127.0.0.1 /order/code/index.php/Home/Index/login
INFO: [ app_init ] --START--
INFO: Run Behavior\BuildLiteBehavior [ RunTime:0.000028s ]
INFO: [ app_init ] --END-- [ RunTime:0.000387s ]

[ 2015-04-28T11:23:58+08:00 ] 127.0.0.1 /order/code/index.php/Home/Order/index.html
INFO: [ app_init ] --START--
INFO: Run Behavior\BuildLiteBehavior [ RunTime:0.000015s ]
INFO: [ app_init ] --END-- [ RunTime:0.000421s ]

[ 2015-04-28T11:24:40+08:00 ] 127.0.0.1 /order/code/index.php/Home/Order/addOrder
INFO: [ app_init ] --START--
INFO: Run Behavior\BuildLiteBehavior [ RunTime:0.000018s ]
INFO: [ app_init ] --END-- [ RunTime:0.000348s ]

[ 2015-04-28T11:24:44+08:00 ] 127.0.0.1 /order/code/index.php/Home/Order/addOrderEvent
INFO: [ app_init ] --START--
INFO: Run Behavior\BuildLiteBehavior [ RunTime:0.000019s ]
INFO: [ app_init ] --END-- [ RunTime:0.000442s ]

[ 2015-04-28T11:27:08+08:00 ] 127.0.0.1 /order/code/index.php/Home/Order/addOrder
INFO: [ app_init ] --START--
INFO: Run Behavior\BuildLiteBehavior [ RunTime:0.000017s ]
INFO: [ app_init ] --END-- [ RunTime:0.000399s ]

[ 2015-04-28T11:27:10+08:00 ] 127.0.0.1 /order/code/index.php/Home/Order/addOrderEvent
INFO: [ app_init ] --START--
INFO: Run Behavior\BuildLiteBehavior [ RunTime:0.000049s ]
INFO: [ app_init ] --END-- [ RunTime:0.000888s ]

[ 2015-04-28T11:27:10+08:00 ] 127.0.0.1 /order/code/index.php/Home/Order/modifyInfo.html
INFO: [ app_init ] --START--
INFO: Run Behavior\BuildLiteBehavior [ RunTime:0.000015s ]
INFO: [ app_init ] --END-- [ RunTime:0.000316s ]

[ 2015-04-28T11:29:40+08:00 ] 127.0.0.1 /order/code/index.php/Home/Order/modifyInfo.html
INFO: [ app_init ] --START--
INFO: Run Behavior\BuildLiteBehavior [ RunTime:0.000020s ]
INFO: [ app_init ] --END-- [ RunTime:0.000454s ]
ERR: 参数错误或者未定义:oid

[ 2015-04-28T11:29:47+08:00 ] 127.0.0.1 /order/code/index.php/Home/Order/addOrderEvent
INFO: [ app_init ] --START--
INFO: Run Behavior\BuildLiteBehavior [ RunTime:0.000016s ]
INFO: [ app_init ] --END-- [ RunTime:0.000361s ]

[ 2015-04-28T11:31:45+08:00 ] 127.0.0.1 /order/code/index.php/Home/Order/addOrderEvent
INFO: [ app_init ] --START--
INFO: Run Behavior\BuildLiteBehavior [ RunTime:0.000017s ]
INFO: [ app_init ] --END-- [ RunTime:0.000412s ]

[ 2015-04-28T11:31:46+08:00 ] 127.0.0.1 /order/code/index.php/Home/Order/modifyInfo/oid/10.html
INFO: [ app_init ] --START--
INFO: Run Behavior\BuildLiteBehavior [ RunTime:0.000016s ]
INFO: [ app_init ] --END-- [ RunTime:0.000368s ]

[ 2015-04-28T15:11:08+08:00 ] 127.0.0.1 /order/code/index.php/Home/Order/modifyInfo/oid/10.html
INFO: [ app_init ] --START--
INFO: Run Behavior\BuildLiteBehavior [ RunTime:0.000052s ]
INFO: [ app_init ] --END-- [ RunTime:0.007668s ]

[ 2015-04-28T15:11:45+08:00 ] 127.0.0.1 /order/code/index.php/Home/Order/modifyInfo/oid/10.html
INFO: [ app_init ] --START--
INFO: Run Behavior\BuildLiteBehavior [ RunTime:0.000017s ]
INFO: [ app_init ] --END-- [ RunTime:0.000435s ]

[ 2015-04-28T15:12:31+08:00 ] 127.0.0.1 /order/code/index.php/Home/Order/modifyInfo/oid/10.html
INFO: [ app_init ] --START--
INFO: Run Behavior\BuildLiteBehavior [ RunTime:0.000018s ]
INFO: [ app_init ] --END-- [ RunTime:0.000378s ]

[ 2015-04-28T15:16:53+08:00 ] 127.0.0.1 /order/code/index.php/Home/Order/modifyInfo/oid/10.html
INFO: [ app_init ] --START--
INFO: Run Behavior\BuildLiteBehavior [ RunTime:0.000018s ]
INFO: [ app_init ] --END-- [ RunTime:0.000531s ]

[ 2015-04-28T15:18:33+08:00 ] 127.0.0.1 /order/code/index.php/Home/Order/modifyInfo/oid/10.html
INFO: [ app_init ] --START--
INFO: Run Behavior\BuildLiteBehavior [ RunTime:0.000018s ]
INFO: [ app_init ] --END-- [ RunTime:0.000434s ]

[ 2015-04-28T15:19:20+08:00 ] 127.0.0.1 /order/code/index.php/Home/Order/modifyInfo/oid/10.html
INFO: [ app_init ] --START--
INFO: Run Behavior\BuildLiteBehavior [ RunTime:0.000018s ]
INFO: [ app_init ] --END-- [ RunTime:0.000458s ]

[ 2015-04-28T15:19:34+08:00 ] 127.0.0.1 /order/code/index.php/Home/Order/modifyInfo/oid/10.html
INFO: [ app_init ] --START--
INFO: Run Behavior\BuildLiteBehavior [ RunTime:0.000020s ]
INFO: [ app_init ] --END-- [ RunTime:0.000476s ]

[ 2015-04-28T15:19:49+08:00 ] 127.0.0.1 /order/code/index.php/Home/Order/modifyInfo/oid/10.html
INFO: [ app_init ] --START--
INFO: Run Behavior\BuildLiteBehavior [ RunTime:0.000065s ]
INFO: [ app_init ] --END-- [ RunTime:0.000861s ]

[ 2015-04-28T15:20:33+08:00 ] 127.0.0.1 /order/code/index.php/Home/Order/modifyInfo/oid/10.html
INFO: [ app_init ] --START--
INFO: Run Behavior\BuildLiteBehavior [ RunTime:0.000030s ]
INFO: [ app_init ] --END-- [ RunTime:0.000489s ]

[ 2015-04-28T16:27:11+08:00 ] 127.0.0.1 /order/code/index.php/Home/Order/modifyInfo/oid/10.html
INFO: [ app_init ] --START--
INFO: Run Behavior\BuildLiteBehavior [ RunTime:0.000017s ]
INFO: [ app_init ] --END-- [ RunTime:0.000409s ]

[ 2015-04-28T16:27:28+08:00 ] 127.0.0.1 /order/code/index.php/Home/Order/modifyInfo/oid/9.html
INFO: [ app_init ] --START--
INFO: Run Behavior\BuildLiteBehavior [ RunTime:0.000032s ]
INFO: [ app_init ] --END-- [ RunTime:0.000669s ]

[ 2015-04-28T18:14:07+08:00 ] 127.0.0.1 /order/code/index.php/Home/Order/modifyOrderInfoEvent?name=%E6%B0%B4%E6%9E%9C1&buyer=%E5%85%B3%E4%BA%91%E9%95%BF
INFO: [ app_init ] --START--
INFO: Run Behavior\BuildLiteBehavior [ RunTime:0.000030s ]
INFO: [ app_init ] --END-- [ RunTime:0.000878s ]
ERR: 非法操作:modifyOrderInfoEvent

[ 2015-04-28T18:14:39+08:00 ] 127.0.0.1 /order/code/index.php/Home/Order/modifyOrderInfoEvent?name=%E6%B0%B4%E6%9E%9C1&buyer=%E5%85%B3%E4%BA%91%E9%95%BF
INFO: [ app_init ] --START--
INFO: Run Behavior\BuildLiteBehavior [ RunTime:0.000027s ]
INFO: [ app_init ] --END-- [ RunTime:0.000620s ]
ERR: 非法操作:modifyOrderInfoEvent

[ 2015-04-28T18:14:48+08:00 ] 127.0.0.1 /order/code/index.php/Home/Order/modifyInfo/oid/10.html
INFO: [ app_init ] --START--
INFO: Run Behavior\BuildLiteBehavior [ RunTime:0.000021s ]
INFO: [ app_init ] --END-- [ RunTime:0.000475s ]

[ 2015-04-28T18:14:50+08:00 ] 127.0.0.1 /order/code/index.php/Home/Order/modifyInfoEvent/oid/
INFO: [ app_init ] --START--
INFO: Run Behavior\BuildLiteBehavior [ RunTime:0.000036s ]
INFO: [ app_init ] --END-- [ RunTime:0.000776s ]
ERR: 参数错误或者未定义:oid

[ 2015-04-28T18:27:16+08:00 ] 127.0.0.1 /order/code/index.php/Home/Order/modifyInfo/oid/10.html
INFO: [ app_init ] --START--
INFO: Run Behavior\BuildLiteBehavior [ RunTime:0.000025s ]
INFO: [ app_init ] --END-- [ RunTime:0.000603s ]

[ 2015-04-28T18:27:22+08:00 ] 127.0.0.1 /order/code/index.php/Home/Order/modifyInfoEvent/oid/10
INFO: [ app_init ] --START--
INFO: Run Behavior\BuildLiteBehavior [ RunTime:0.000050s ]
INFO: [ app_init ] --END-- [ RunTime:0.000876s ]
ERR: Think\Model:getModifyInfo方法不存在！

[ 2015-04-28T18:28:17+08:00 ] 127.0.0.1 /order/code/index.php/Home/Order/modifyInfoEvent/oid/10
INFO: [ app_init ] --START--
INFO: Run Behavior\BuildLiteBehavior [ RunTime:0.000017s ]
INFO: [ app_init ] --END-- [ RunTime:0.000379s ]

[ 2015-04-28T18:28:36+08:00 ] 127.0.0.1 /order/code/index.php/Home/Order/addOrder
INFO: [ app_init ] --START--
INFO: Run Behavior\BuildLiteBehavior [ RunTime:0.000018s ]
INFO: [ app_init ] --END-- [ RunTime:0.000397s ]

[ 2015-04-28T18:28:38+08:00 ] 127.0.0.1 /order/code/index.php/Home/Order/addOrderEvent
INFO: [ app_init ] --START--
INFO: Run Behavior\BuildLiteBehavior [ RunTime:0.000033s ]
INFO: [ app_init ] --END-- [ RunTime:0.000801s ]

[ 2015-04-28T18:28:39+08:00 ] 127.0.0.1 /order/code/index.php/Home/Order/modifyInfo/oid/11.html
INFO: [ app_init ] --START--
INFO: Run Behavior\BuildLiteBehavior [ RunTime:0.000025s ]
INFO: [ app_init ] --END-- [ RunTime:0.000607s ]

[ 2015-04-28T18:28:42+08:00 ] 127.0.0.1 /order/code/index.php/Home/Order/modifyInfoEvent/oid/11
INFO: [ app_init ] --START--
INFO: Run Behavior\BuildLiteBehavior [ RunTime:0.000019s ]
INFO: [ app_init ] --END-- [ RunTime:0.000467s ]

[ 2015-04-28T18:28:44+08:00 ] 127.0.0.1 /order/code/index.php/Home/Order/modifyInfoEvent/oid/Home/Order/modifyInfo/oid/0
INFO: [ app_init ] --START--
INFO: Run Behavior\BuildLiteBehavior [ RunTime:0.000017s ]
INFO: [ app_init ] --END-- [ RunTime:0.000352s ]

[ 2015-04-28T18:28:48+08:00 ] 127.0.0.1 /order/code/index.php/Home/Order/modifyInfoEvent/oid/Home/Order/modifyInfo/oid/0
INFO: [ app_init ] --START--
INFO: Run Behavior\BuildLiteBehavior [ RunTime:0.000034s ]
INFO: [ app_init ] --END-- [ RunTime:0.000646s ]

[ 2015-04-28T18:28:53+08:00 ] 127.0.0.1 /order/code/index.php/Home/Order/modifyInfoEvent/oid/Home/Order/modifyInfo/oid/0
INFO: [ app_init ] --START--
INFO: Run Behavior\BuildLiteBehavior [ RunTime:0.000020s ]
INFO: [ app_init ] --END-- [ RunTime:0.000396s ]

[ 2015-04-28T18:28:57+08:00 ] 127.0.0.1 /order/code/index.php/Home/Order/modifyInfoEvent/oid/11
INFO: [ app_init ] --START--
INFO: Run Behavior\BuildLiteBehavior [ RunTime:0.000019s ]
INFO: [ app_init ] --END-- [ RunTime:0.000457s ]

[ 2015-04-28T18:28:59+08:00 ] 127.0.0.1 /order/code/index.php/Home/Order/modifyInfoEvent/oid/Home/Order/modifyInfo/oid/1
INFO: [ app_init ] --START--
INFO: Run Behavior\BuildLiteBehavior [ RunTime:0.000021s ]
INFO: [ app_init ] --END-- [ RunTime:0.000597s ]

[ 2015-04-28T18:29:04+08:00 ] 127.0.0.1 /order/code/index.php/Home/Order/modifyInfoEvent/oid/Home/Order/modifyInfo/oid/1
INFO: [ app_init ] --START--
INFO: Run Behavior\BuildLiteBehavior [ RunTime:0.000017s ]
INFO: [ app_init ] --END-- [ RunTime:0.000410s ]

[ 2015-04-28T18:29:10+08:00 ] 127.0.0.1 /order/code/index.php/Home/Order/modifyInfoEvent/oid/Home/Order/modifyInfo/oid/1
INFO: [ app_init ] --START--
INFO: Run Behavior\BuildLiteBehavior [ RunTime:0.000026s ]
INFO: [ app_init ] --END-- [ RunTime:0.000532s ]

[ 2015-04-28T18:29:16+08:00 ] 127.0.0.1 /order/code/index.php/Home/Order/modifyInfoEvent/oid/Home/Order/modifyInfo/oid/1
INFO: [ app_init ] --START--
INFO: Run Behavior\BuildLiteBehavior [ RunTime:0.000017s ]
INFO: [ app_init ] --END-- [ RunTime:0.000394s ]

[ 2015-04-28T18:29:21+08:00 ] 127.0.0.1 /order/code/index.php/Home/Order/modifyInfoEvent/oid/Home/Order/modifyInfo/oid/1
INFO: [ app_init ] --START--
INFO: Run Behavior\BuildLiteBehavior [ RunTime:0.000024s ]
INFO: [ app_init ] --END-- [ RunTime:0.000475s ]

[ 2015-04-28T18:29:29+08:00 ] 127.0.0.1 /order/code/index.php/Home/Order/modifyInfoEvent/oid/Home/Order/modifyInfo/oid/1
INFO: [ app_init ] --START--
INFO: Run Behavior\BuildLiteBehavior [ RunTime:0.000017s ]
INFO: [ app_init ] --END-- [ RunTime:0.000358s ]

[ 2015-04-28T18:29:36+08:00 ] 127.0.0.1 /order/code/index.php/Home/Order/modifyInfoEvent/oid/Home/Order/modifyInfo/oid/1
INFO: [ app_init ] --START--
INFO: Run Behavior\BuildLiteBehavior [ RunTime:0.000016s ]
INFO: [ app_init ] --END-- [ RunTime:0.000383s ]

[ 2015-04-28T18:29:43+08:00 ] 127.0.0.1 /order/code/index.php/Home/Order/modifyInfoEvent/oid/Home/Order/modifyInfo/oid/1
INFO: [ app_init ] --START--
INFO: Run Behavior\BuildLiteBehavior [ RunTime:0.000026s ]
INFO: [ app_init ] --END-- [ RunTime:0.000439s ]

[ 2015-04-28T18:29:50+08:00 ] 127.0.0.1 /order/code/index.php/Home/Order/modifyInfoEvent/oid/Home/Order/modifyInfo/oid/1
INFO: [ app_init ] --START--
INFO: Run Behavior\BuildLiteBehavior [ RunTime:0.000017s ]
INFO: [ app_init ] --END-- [ RunTime:0.000410s ]

[ 2015-04-28T18:29:57+08:00 ] 127.0.0.1 /order/code/index.php/Home/Order/modifyInfoEvent/oid/Home/Order/modifyInfo/oid/1
INFO: [ app_init ] --START--
INFO: Run Behavior\BuildLiteBehavior [ RunTime:0.000028s ]
INFO: [ app_init ] --END-- [ RunTime:0.000653s ]

[ 2015-04-28T18:30:00+08:00 ] 127.0.0.1 /order/code/index.php/Home/Order/modifyInfoEvent/oid/Home/Order/modifyInfo/oid/1
INFO: [ app_init ] --START--
INFO: Run Behavior\BuildLiteBehavior [ RunTime:0.000083s ]
INFO: [ app_init ] --END-- [ RunTime:0.000826s ]

[ 2015-04-28T18:30:06+08:00 ] 127.0.0.1 /order/code/index.php/Home/Order/modifyInfoEvent/oid/Home/Order/modifyInfo/oid/1
INFO: [ app_init ] --START--
INFO: Run Behavior\BuildLiteBehavior [ RunTime:0.000022s ]
INFO: [ app_init ] --END-- [ RunTime:0.000450s ]

[ 2015-04-28T18:30:07+08:00 ] 127.0.0.1 /order/code/index.php/Home/Order/modifyInfoEvent/oid/11
INFO: [ app_init ] --START--
INFO: Run Behavior\BuildLiteBehavior [ RunTime:0.000021s ]
INFO: [ app_init ] --END-- [ RunTime:0.000588s ]

[ 2015-04-28T18:30:13+08:00 ] 127.0.0.1 /order/code/index.php/Home/Order/modifyInfoEvent/oid/11
INFO: [ app_init ] --START--
INFO: Run Behavior\BuildLiteBehavior [ RunTime:0.000025s ]
INFO: [ app_init ] --END-- [ RunTime:0.000527s ]

[ 2015-04-28T18:30:38+08:00 ] 127.0.0.1 /order/code/index.php/Home/Order/modifyInfoEvent/oid/11
INFO: [ app_init ] --START--
INFO: Run Behavior\BuildLiteBehavior [ RunTime:0.000017s ]
INFO: [ app_init ] --END-- [ RunTime:0.000359s ]

[ 2015-04-28T18:30:41+08:00 ] 127.0.0.1 /order/code/index.php/Home/Order/modifyInfo/oid/0.html
INFO: [ app_init ] --START--
INFO: Run Behavior\BuildLiteBehavior [ RunTime:0.000071s ]
INFO: [ app_init ] --END-- [ RunTime:0.001131s ]

[ 2015-04-28T18:30:46+08:00 ] 127.0.0.1 /order/code/index.php/Home/Order/modifyInfoEvent/oid/
INFO: [ app_init ] --START--
INFO: Run Behavior\BuildLiteBehavior [ RunTime:0.000037s ]
INFO: [ app_init ] --END-- [ RunTime:0.000742s ]
ERR: 参数错误或者未定义:oid

[ 2015-04-28T18:31:04+08:00 ] 127.0.0.1 /order/code/index.php/Home/Order/modifyInfoEvent/oid/
INFO: [ app_init ] --START--
INFO: Run Behavior\BuildLiteBehavior [ RunTime:0.000030s ]
INFO: [ app_init ] --END-- [ RunTime:0.000616s ]
ERR: 参数错误或者未定义:oid

[ 2015-04-28T18:31:13+08:00 ] 127.0.0.1 /order/code/index.php/Home/Order/modifyInfo/oid/10.html
INFO: [ app_init ] --START--
INFO: Run Behavior\BuildLiteBehavior [ RunTime:0.000028s ]
INFO: [ app_init ] --END-- [ RunTime:0.000623s ]

[ 2015-04-28T18:31:18+08:00 ] 127.0.0.1 /order/code/index.php/Home/Order/modifyInfoEvent/oid/10
INFO: [ app_init ] --START--
INFO: Run Behavior\BuildLiteBehavior [ RunTime:0.000018s ]
INFO: [ app_init ] --END-- [ RunTime:0.000352s ]

[ 2015-04-28T18:31:20+08:00 ] 127.0.0.1 /order/code/index.php/Home/Order/modifyInfo/oid/10.html
INFO: [ app_init ] --START--
INFO: Run Behavior\BuildLiteBehavior [ RunTime:0.000017s ]
INFO: [ app_init ] --END-- [ RunTime:0.000448s ]

[ 2015-04-28T19:07:07+08:00 ] 127.0.0.1 /order/code/index.php/Home/Order/modifyInfoEvent/oid/10
INFO: [ app_init ] --START--
INFO: Run Behavior\BuildLiteBehavior [ RunTime:0.000018s ]
INFO: [ app_init ] --END-- [ RunTime:0.000413s ]

[ 2015-04-28T19:07:10+08:00 ] 127.0.0.1 /order/code/index.php/Home/Order/modifyInfo/oid/10.html
INFO: [ app_init ] --START--
INFO: Run Behavior\BuildLiteBehavior [ RunTime:0.000033s ]
INFO: [ app_init ] --END-- [ RunTime:0.000710s ]

[ 2015-04-28T19:07:21+08:00 ] 127.0.0.1 /order/code/index.php/Home/Order/modifyInfo/oid/10.html
INFO: [ app_init ] --START--
INFO: Run Behavior\BuildLiteBehavior [ RunTime:0.000019s ]
INFO: [ app_init ] --END-- [ RunTime:0.000569s ]

[ 2015-04-28T19:07:25+08:00 ] 127.0.0.1 /order/code/index.php/Home/Order/modifyInfoEvent/oid/10
INFO: [ app_init ] --START--
INFO: Run Behavior\BuildLiteBehavior [ RunTime:0.000059s ]
INFO: [ app_init ] --END-- [ RunTime:0.000725s ]

[ 2015-04-28T19:07:27+08:00 ] 127.0.0.1 /order/code/index.php/Home/Order/modifyInfo/oid/10.html
INFO: [ app_init ] --START--
INFO: Run Behavior\BuildLiteBehavior [ RunTime:0.000017s ]
INFO: [ app_init ] --END-- [ RunTime:0.000383s ]

[ 2015-04-28T19:07:37+08:00 ] 127.0.0.1 /order/code/index.php/Home/Order/index.html
INFO: [ app_init ] --START--
INFO: Run Behavior\BuildLiteBehavior [ RunTime:0.000028s ]
INFO: [ app_init ] --END-- [ RunTime:0.000726s ]

[ 2015-04-28T19:07:39+08:00 ] 127.0.0.1 /order/code/index.php/Home/Order/orderInfo
INFO: [ app_init ] --START--
INFO: Run Behavior\BuildLiteBehavior [ RunTime:0.000023s ]
INFO: [ app_init ] --END-- [ RunTime:0.000393s ]

[ 2015-04-28T19:13:42+08:00 ] 127.0.0.1 /order/code/index.php/Home/Order/index.html
INFO: [ app_init ] --START--
INFO: Run Behavior\BuildLiteBehavior [ RunTime:0.000029s ]
INFO: [ app_init ] --END-- [ RunTime:0.000652s ]
ERR: Think\Model:getUserInfo方法不存在！

[ 2015-04-28T19:14:34+08:00 ] 127.0.0.1 /order/code/index.php/Home/Order/index.html
INFO: [ app_init ] --START--
INFO: Run Behavior\BuildLiteBehavior [ RunTime:0.000016s ]
INFO: [ app_init ] --END-- [ RunTime:0.000384s ]

[ 2015-04-28T19:14:38+08:00 ] 127.0.0.1 /order/code/index.php/Home/Order/addOrder
INFO: [ app_init ] --START--
INFO: Run Behavior\BuildLiteBehavior [ RunTime:0.000018s ]
INFO: [ app_init ] --END-- [ RunTime:0.000383s ]

[ 2015-04-28T19:14:42+08:00 ] 127.0.0.1 /order/code/index.php/Home/Order/addOrderEvent
INFO: [ app_init ] --START--
INFO: Run Behavior\BuildLiteBehavior [ RunTime:0.000034s ]
INFO: [ app_init ] --END-- [ RunTime:0.000604s ]
ERR: SQLSTATE[23000]: Integrity constraint violation: 1048 Column 'creator' cannot be null

[ 2015-04-28T19:15:50+08:00 ] 127.0.0.1 /order/code/index.php/Home/Order/addOrderEvent
INFO: [ app_init ] --START--
INFO: Run Behavior\BuildLiteBehavior [ RunTime:0.000027s ]
INFO: [ app_init ] --END-- [ RunTime:0.000513s ]
ERR: SQLSTATE[23000]: Integrity constraint violation: 1048 Column 'creator' cannot be null

[ 2015-04-28T19:16:22+08:00 ] 127.0.0.1 /order/code/index.php/Home/Order/addOrderEvent
INFO: [ app_init ] --START--
INFO: Run Behavior\BuildLiteBehavior [ RunTime:0.000032s ]
INFO: [ app_init ] --END-- [ RunTime:0.000783s ]

[ 2015-04-28T19:16:23+08:00 ] 127.0.0.1 /order/code/index.php/Home/Order/modifyInfo/oid/12.html
INFO: [ app_init ] --START--
INFO: Run Behavior\BuildLiteBehavior [ RunTime:0.000018s ]
INFO: [ app_init ] --END-- [ RunTime:0.000397s ]

[ 2015-04-28T19:30:02+08:00 ] 127.0.0.1 /order/code/index.php/Home/Order/orderItemInfo
INFO: [ app_init ] --START--
INFO: Run Behavior\BuildLiteBehavior [ RunTime:0.000023s ]
INFO: [ app_init ] --END-- [ RunTime:0.000799s ]

[ 2015-04-28T19:45:26+08:00 ] 127.0.0.1 /order/code/index.php/Home/Order/orderItemInfo
INFO: [ app_init ] --START--
INFO: Run Behavior\BuildLiteBehavior [ RunTime:0.000019s ]
INFO: [ app_init ] --END-- [ RunTime:0.000430s ]
ERR: 参数错误或者未定义:oid

[ 2015-04-28T19:45:37+08:00 ] 127.0.0.1 /order/code/index.php/Home/Order/orderItemInfo/oid/add
INFO: [ app_init ] --START--
INFO: Run Behavior\BuildLiteBehavior [ RunTime:0.000030s ]
INFO: [ app_init ] --END-- [ RunTime:0.000679s ]

[ 2015-04-28T19:46:08+08:00 ] 127.0.0.1 /order/code/index.php/Home/Order/orderItemInfo/oid/add
INFO: [ app_init ] --START--
INFO: Run Behavior\BuildLiteBehavior [ RunTime:0.000020s ]
INFO: [ app_init ] --END-- [ RunTime:0.000429s ]

[ 2015-04-28T19:47:52+08:00 ] 127.0.0.1 /order/code/index.php/Home/Order/orderItemInfo/oid/add
INFO: [ app_init ] --START--
INFO: Run Behavior\BuildLiteBehavior [ RunTime:0.000017s ]
INFO: [ app_init ] --END-- [ RunTime:0.000386s ]

[ 2015-04-28T19:48:18+08:00 ] 127.0.0.1 /order/code/index.php/Home/Order/orderItemInfo/oid/add
INFO: [ app_init ] --START--
INFO: Run Behavior\BuildLiteBehavior [ RunTime:0.000025s ]
INFO: [ app_init ] --END-- [ RunTime:0.000615s ]

[ 2015-04-28T20:00:07+08:00 ] 127.0.0.1 /order/code/index.php/Home/Order/orderItemInfo/oid/add
INFO: [ app_init ] --START--
INFO: Run Behavior\BuildLiteBehavior [ RunTime:0.000057s ]
INFO: [ app_init ] --END-- [ RunTime:0.000953s ]

[ 2015-04-28T20:07:49+08:00 ] 127.0.0.1 /order/code/index.php/Home/Order/orderItemInfo/oid/add
INFO: [ app_init ] --START--
INFO: Run Behavior\BuildLiteBehavior [ RunTime:0.000023s ]
INFO: [ app_init ] --END-- [ RunTime:0.000712s ]

[ 2015-04-28T20:08:47+08:00 ] 127.0.0.1 /order/code/index.php/Home/Order/index.html
INFO: [ app_init ] --START--
INFO: Run Behavior\BuildLiteBehavior [ RunTime:0.000017s ]
INFO: [ app_init ] --END-- [ RunTime:0.000377s ]

[ 2015-04-28T20:08:54+08:00 ] 127.0.0.1 /order/code/index.php/Home/Order/orderInfo
INFO: [ app_init ] --START--
INFO: Run Behavior\BuildLiteBehavior [ RunTime:0.000018s ]
INFO: [ app_init ] --END-- [ RunTime:0.000542s ]

[ 2015-04-28T20:15:22+08:00 ] 127.0.0.1 /order/code/index.php/Home/Order/orderInfo
INFO: [ app_init ] --START--
INFO: Run Behavior\BuildLiteBehavior [ RunTime:0.000033s ]
INFO: [ app_init ] --END-- [ RunTime:0.000673s ]

[ 2015-04-28T20:15:27+08:00 ] 127.0.0.1 /order/code/index.php/Home/Order/addOrder
INFO: [ app_init ] --START--
INFO: Run Behavior\BuildLiteBehavior [ RunTime:0.000080s ]
INFO: [ app_init ] --END-- [ RunTime:0.001281s ]

[ 2015-04-28T20:15:34+08:00 ] 127.0.0.1 /order/code/index.php/Home/Order/addOrderEvent
INFO: [ app_init ] --START--
INFO: Run Behavior\BuildLiteBehavior [ RunTime:0.000032s ]
INFO: [ app_init ] --END-- [ RunTime:0.000629s ]

[ 2015-04-28T20:15:35+08:00 ] 127.0.0.1 /order/code/index.php/Home/Order/modifyInfo/oid/13.html
INFO: [ app_init ] --START--
INFO: Run Behavior\BuildLiteBehavior [ RunTime:0.000017s ]
INFO: [ app_init ] --END-- [ RunTime:0.000390s ]

[ 2015-04-28T20:22:24+08:00 ] 127.0.0.1 /order/code/index.php/Home/Order/orderItemInfo
INFO: [ app_init ] --START--
INFO: Run Behavior\BuildLiteBehavior [ RunTime:0.000019s ]
INFO: [ app_init ] --END-- [ RunTime:0.000436s ]
ERR: 参数错误或者未定义:oid

[ 2015-04-28T20:22:26+08:00 ] 127.0.0.1 /order/code/index.php/Home/Order/orderItemInfo
INFO: [ app_init ] --START--
INFO: Run Behavior\BuildLiteBehavior [ RunTime:0.000025s ]
INFO: [ app_init ] --END-- [ RunTime:0.000685s ]
ERR: 参数错误或者未定义:oid

[ 2015-04-28T20:22:31+08:00 ] 127.0.0.1 /order/code/index.php/Home/Order/orderItemInfo/10
INFO: [ app_init ] --START--
INFO: Run Behavior\BuildLiteBehavior [ RunTime:0.000028s ]
INFO: [ app_init ] --END-- [ RunTime:0.000662s ]

[ 2015-04-28T20:22:37+08:00 ] 127.0.0.1 /order/code/index.php/Home/Order/
INFO: [ app_init ] --START--
INFO: Run Behavior\BuildLiteBehavior [ RunTime:0.000038s ]
INFO: [ app_init ] --END-- [ RunTime:0.000549s ]

[ 2015-04-28T20:22:40+08:00 ] 127.0.0.1 /order/code/index.php/Home/Order/addOrder
INFO: [ app_init ] --START--
INFO: Run Behavior\BuildLiteBehavior [ RunTime:0.000030s ]
INFO: [ app_init ] --END-- [ RunTime:0.000556s ]

[ 2015-04-28T20:22:46+08:00 ] 127.0.0.1 /order/code/index.php/Home/Order/addOrderEvent
INFO: [ app_init ] --START--
INFO: Run Behavior\BuildLiteBehavior [ RunTime:0.000017s ]
INFO: [ app_init ] --END-- [ RunTime:0.000443s ]

[ 2015-04-28T20:22:47+08:00 ] 127.0.0.1 /order/code/index.php/Home/Order/modifyInfo/oid/14.html
INFO: [ app_init ] --START--
INFO: Run Behavior\BuildLiteBehavior [ RunTime:0.000018s ]
INFO: [ app_init ] --END-- [ RunTime:0.000438s ]

[ 2015-04-28T20:22:57+08:00 ] 127.0.0.1 /order/code/index.php/Home/Order/modifyInfo/14.html
INFO: [ app_init ] --START--
INFO: Run Behavior\BuildLiteBehavior [ RunTime:0.000032s ]
INFO: [ app_init ] --END-- [ RunTime:0.000689s ]

[ 2015-04-28T20:23:12+08:00 ] 127.0.0.1 /order/code/index.php/Home/Order/modifyInfo/14.html
INFO: [ app_init ] --START--
INFO: Run Behavior\BuildLiteBehavior [ RunTime:0.000077s ]
INFO: [ app_init ] --END-- [ RunTime:0.001251s ]

[ 2015-04-28T20:23:16+08:00 ] 127.0.0.1 /order/code/index.php/Home/Order/orderItemInfo/add
INFO: [ app_init ] --START--
INFO: Run Behavior\BuildLiteBehavior [ RunTime:0.000024s ]
INFO: [ app_init ] --END-- [ RunTime:0.000496s ]

