[ 2015-04-15T12:13:31+08:00 ] 127.0.0.1 /order/code/head
INFO: [ app_init ] --START--
INFO: Run Behavior\BuildLiteBehavior [ RunTime:0.000028s ]
INFO: [ app_init ] --END-- [ RunTime:0.000683s ]
ERR: 无法加载模块:Head

[ 2015-04-15T14:23:15+08:00 ] 127.0.0.1 /order/code/head
INFO: [ app_init ] --START--
INFO: Run Behavior\BuildLiteBehavior [ RunTime:0.000061s ]
INFO: [ app_init ] --END-- [ RunTime:0.001382s ]
ERR: 无法加载模块:Head

[ 2015-04-15T14:23:28+08:00 ] 127.0.0.1 /order/code/head/head.html
INFO: [ app_init ] --START--
INFO: Run Behavior\BuildLiteBehavior [ RunTime:0.000056s ]
INFO: [ app_init ] --END-- [ RunTime:0.001047s ]
ERR: 无法加载模块:Head

[ 2015-04-15T14:23:38+08:00 ] 127.0.0.1 /order/code/showhead/head.html
INFO: [ app_init ] --START--
INFO: Run Behavior\BuildLiteBehavior [ RunTime:0.000058s ]
INFO: [ app_init ] --END-- [ RunTime:0.000961s ]
ERR: 无法加载模块:Showhead

[ 2015-04-15T14:23:40+08:00 ] 127.0.0.1 /order/code/showhead
INFO: [ app_init ] --START--
INFO: Run Behavior\BuildLiteBehavior [ RunTime:0.000037s ]
INFO: [ app_init ] --END-- [ RunTime:0.000778s ]
ERR: 无法加载模块:Showhead

[ 2015-04-15T14:24:31+08:00 ] 127.0.0.1 /order/code/Head
INFO: [ app_init ] --START--
INFO: Run Behavior\BuildLiteBehavior [ RunTime:0.000084s ]
INFO: [ app_init ] --END-- [ RunTime:0.002000s ]
ERR: 无法加载模块:Head

[ 2015-04-15T17:07:09+08:00 ] 127.0.0.1 /order/code/Item/
INFO: [ app_init ] --START--
INFO: Run Behavior\BuildLiteBehavior [ RunTime:0.000061s ]
INFO: [ app_init ] --END-- [ RunTime:0.001482s ]
ERR: 无法加载模块:Item

[ 2015-04-15T17:07:15+08:00 ] 127.0.0.1 /order/code/Item/item
INFO: [ app_init ] --START--
INFO: Run Behavior\BuildLiteBehavior [ RunTime:0.000090s ]
INFO: [ app_init ] --END-- [ RunTime:0.002046s ]
ERR: 无法加载模块:Item

