[ 2015-04-14T20:37:32+08:00 ] 127.0.0.1 /order/code/css/bootstrap-cerulean.min.css
INFO: [ app_init ] --START--
INFO: Run Behavior\BuildLiteBehavior [ RunTime:0.000036s ]
INFO: [ app_init ] --END-- [ RunTime:0.000744s ]
ERR: 无法加载模块:Css

[ 2015-04-14T20:37:40+08:00 ] 127.0.0.1 /order/code/css/bootstrap-cerulean.min.css
INFO: [ app_init ] --START--
INFO: Run Behavior\BuildLiteBehavior [ RunTime:0.000035s ]
INFO: [ app_init ] --END-- [ RunTime:0.000859s ]
ERR: 无法加载模块:Css

[ 2015-04-14T20:38:12+08:00 ] 127.0.0.1 /order/code/css/bootstrap-cerulean.min.css
INFO: [ app_init ] --START--
INFO: Run Behavior\BuildLiteBehavior [ RunTime:0.000033s ]
INFO: [ app_init ] --END-- [ RunTime:0.000684s ]
ERR: 无法加载模块:Css

[ 2015-04-14T20:39:44+08:00 ] 127.0.0.1 /order/code/css/bootstrap-cerulean.min.css
INFO: [ app_init ] --START--
INFO: Run Behavior\BuildLiteBehavior [ RunTime:0.000033s ]
INFO: [ app_init ] --END-- [ RunTime:0.000756s ]
ERR: 无法加载模块:Css

[ 2015-04-14T20:40:14+08:00 ] 127.0.0.1 /order/code/css/bootstrap-cerulean.min.css
INFO: [ app_init ] --START--
INFO: Run Behavior\BuildLiteBehavior [ RunTime:0.000030s ]
INFO: [ app_init ] --END-- [ RunTime:0.000735s ]
ERR: 无法加载模块:Css

[ 2015-04-14T20:40:45+08:00 ] 127.0.0.1 /order/code/Public/fonts/glyphicons-halflings-regular.woff
INFO: [ app_init ] --START--
INFO: Run Behavior\BuildLiteBehavior [ RunTime:0.000035s ]
INFO: [ app_init ] --END-- [ RunTime:0.000656s ]
ERR: 无法加载模块:Public

[ 2015-04-14T20:40:46+08:00 ] 127.0.0.1 /order/code/css/bootstrap-cerulean.min.css
INFO: [ app_init ] --START--
INFO: Run Behavior\BuildLiteBehavior [ RunTime:0.000031s ]
INFO: [ app_init ] --END-- [ RunTime:0.000687s ]
ERR: 无法加载模块:Css

[ 2015-04-14T20:40:46+08:00 ] 127.0.0.1 /order/code/Public/fonts/glyphicons-halflings-regular.ttf
INFO: [ app_init ] --START--
INFO: Run Behavior\BuildLiteBehavior [ RunTime:0.000034s ]
INFO: [ app_init ] --END-- [ RunTime:0.000692s ]
ERR: 无法加载模块:Public

[ 2015-04-14T20:40:57+08:00 ] 127.0.0.1 /order/code/css/bootstrap-cerulean.min.css
INFO: [ app_init ] --START--
INFO: Run Behavior\BuildLiteBehavior [ RunTime:0.000032s ]
INFO: [ app_init ] --END-- [ RunTime:0.000688s ]
ERR: 无法加载模块:Css

[ 2015-04-14T20:41:41+08:00 ] 127.0.0.1 /order/code/Public/fonts/glyphicons-halflings-regular.woff
INFO: [ app_init ] --START--
INFO: Run Behavior\BuildLiteBehavior [ RunTime:0.000032s ]
INFO: [ app_init ] --END-- [ RunTime:0.000730s ]
ERR: 无法加载模块:Public

[ 2015-04-14T20:41:41+08:00 ] 127.0.0.1 /order/code/css/bootstrap-cerulean.min.css
INFO: [ app_init ] --START--
INFO: Run Behavior\BuildLiteBehavior [ RunTime:0.000031s ]
INFO: [ app_init ] --END-- [ RunTime:0.000594s ]
ERR: 无法加载模块:Css

[ 2015-04-14T20:41:42+08:00 ] 127.0.0.1 /order/code/Public/fonts/glyphicons-halflings-regular.ttf
INFO: [ app_init ] --START--
INFO: Run Behavior\BuildLiteBehavior [ RunTime:0.000038s ]
INFO: [ app_init ] --END-- [ RunTime:0.000713s ]
ERR: 无法加载模块:Public

[ 2015-04-14T20:42:35+08:00 ] 127.0.0.1 /order/code/css/bootstrap-cerulean.min.css
INFO: [ app_init ] --START--
INFO: Run Behavior\BuildLiteBehavior [ RunTime:0.000031s ]
INFO: [ app_init ] --END-- [ RunTime:0.000674s ]
ERR: 无法加载模块:Css

[ 2015-04-14T20:59:54+08:00 ] 127.0.0.1 /order/code/index.html
INFO: [ app_init ] --START--
INFO: Run Behavior\BuildLiteBehavior [ RunTime:0.000039s ]
INFO: [ app_init ] --END-- [ RunTime:0.000901s ]
ERR: 无法加载模块:Index

[ 2015-04-14T21:02:04+08:00 ] 127.0.0.1 /order/code/__Public__/bower_components/jquery/jquery.min.js
INFO: [ app_init ] --START--
INFO: Run Behavior\BuildLiteBehavior [ RunTime:0.000065s ]
INFO: [ app_init ] --END-- [ RunTime:0.000738s ]
ERR: 无法加载模块:__Public__

[ 2015-04-14T21:02:04+08:00 ] 127.0.0.1 /order/code/__Public__/bower_components/bootstrap/dist/js/bootstrap.min.js
INFO: [ app_init ] --START--
INFO: Run Behavior\BuildLiteBehavior [ RunTime:0.000036s ]
INFO: [ app_init ] --END-- [ RunTime:0.000796s ]
ERR: 无法加载模块:__Public__

[ 2015-04-14T21:05:06+08:00 ] 127.0.0.1 /order/code/__Public__/bower_components/bootstrap/dist/js/bootstrap.min.js
INFO: [ app_init ] --START--
INFO: Run Behavior\BuildLiteBehavior [ RunTime:0.000032s ]
INFO: [ app_init ] --END-- [ RunTime:0.000758s ]
ERR: 无法加载模块:__Public__

[ 2015-04-14T21:05:06+08:00 ] 127.0.0.1 /order/code/__Public__/bower_components/jquery/jquery.min.js
INFO: [ app_init ] --START--
INFO: Run Behavior\BuildLiteBehavior [ RunTime:0.000034s ]
INFO: [ app_init ] --END-- [ RunTime:0.000762s ]
ERR: 无法加载模块:__Public__

[ 2015-04-14T21:06:11+08:00 ] 127.0.0.1 /order/code/__Public__/bower_components/bootstrap/dist/js/bootstrap.min.js
INFO: [ app_init ] --START--
INFO: Run Behavior\BuildLiteBehavior [ RunTime:0.000031s ]
INFO: [ app_init ] --END-- [ RunTime:0.000662s ]
ERR: 无法加载模块:__Public__

[ 2015-04-14T21:06:12+08:00 ] 127.0.0.1 /order/code/__Public__/bower_components/jquery/jquery.min.js
INFO: [ app_init ] --START--
INFO: Run Behavior\BuildLiteBehavior [ RunTime:0.000036s ]
INFO: [ app_init ] --END-- [ RunTime:0.005231s ]
ERR: 无法加载模块:__Public__

[ 2015-04-14T21:06:43+08:00 ] 127.0.0.1 /order/code/__Public__/bower_components/jquery/jquery.min.js
INFO: [ app_init ] --START--
INFO: Run Behavior\BuildLiteBehavior [ RunTime:0.000034s ]
INFO: [ app_init ] --END-- [ RunTime:0.000808s ]
ERR: 无法加载模块:__Public__

[ 2015-04-14T21:06:43+08:00 ] 127.0.0.1 /order/code/__Public__/bower_components/bootstrap/dist/js/bootstrap.min.js
INFO: [ app_init ] --START--
INFO: Run Behavior\BuildLiteBehavior [ RunTime:0.000034s ]
INFO: [ app_init ] --END-- [ RunTime:0.000724s ]
ERR: 无法加载模块:__Public__

[ 2015-04-14T21:19:03+08:00 ] 127.0.0.1 /order/code/css/bootstrap-cerulean.min.css
INFO: [ app_init ] --START--
INFO: Run Behavior\BuildLiteBehavior [ RunTime:0.000050s ]
INFO: [ app_init ] --END-- [ RunTime:0.001682s ]
ERR: 无法加载模块:Css

[ 2015-04-14T21:19:42+08:00 ] 127.0.0.1 /order/code/css/bootstrap-cerulean.min.css
INFO: [ app_init ] --START--
INFO: Run Behavior\BuildLiteBehavior [ RunTime:0.000034s ]
INFO: [ app_init ] --END-- [ RunTime:0.000682s ]
ERR: 无法加载模块:Css

[ 2015-04-14T21:26:46+08:00 ] 127.0.0.1 /order/code/Public/bower_components/jquery/jquery.min
INFO: [ app_init ] --START--
INFO: Run Behavior\BuildLiteBehavior [ RunTime:0.000034s ]
INFO: [ app_init ] --END-- [ RunTime:0.000825s ]
ERR: 无法加载模块:Public

[ 2015-04-14T21:28:08+08:00 ] 127.0.0.1 /order/code/css/bootstrap-cerulean.min.css
INFO: [ app_init ] --START--
INFO: Run Behavior\BuildLiteBehavior [ RunTime:0.000030s ]
INFO: [ app_init ] --END-- [ RunTime:0.000726s ]
ERR: 无法加载模块:Css

[ 2015-04-14T21:39:08+08:00 ] 127.0.0.1 /order/code/fonts/glyphicons-halflings-regular.woff
INFO: [ app_init ] --START--
INFO: Run Behavior\BuildLiteBehavior [ RunTime:0.000039s ]
INFO: [ app_init ] --END-- [ RunTime:0.000890s ]
ERR: 无法加载模块:Fonts

[ 2015-04-14T21:39:09+08:00 ] 127.0.0.1 /order/code/fonts/glyphicons-halflings-regular.ttf
INFO: [ app_init ] --START--
INFO: Run Behavior\BuildLiteBehavior [ RunTime:0.000036s ]
INFO: [ app_init ] --END-- [ RunTime:0.000788s ]
ERR: 无法加载模块:Fonts

[ 2015-04-14T21:44:08+08:00 ] 127.0.0.1 /order/code/index
INFO: [ app_init ] --START--
INFO: Run Behavior\BuildLiteBehavior [ RunTime:0.000034s ]
INFO: [ app_init ] --END-- [ RunTime:0.000731s ]
ERR: 无法加载模块:Index

[ 2015-04-14T21:55:33+08:00 ] 127.0.0.1 /order/code/css/bootstrap-cerulean.min.css
INFO: [ app_init ] --START--
INFO: Run Behavior\BuildLiteBehavior [ RunTime:0.000106s ]
INFO: [ app_init ] --END-- [ RunTime:0.002004s ]
ERR: 无法加载模块:Css

[ 2015-04-14T21:55:37+08:00 ] 127.0.0.1 /order/code/css/bootstrap-cerulean.min.css
INFO: [ app_init ] --START--
INFO: Run Behavior\BuildLiteBehavior [ RunTime:0.000032s ]
INFO: [ app_init ] --END-- [ RunTime:0.000632s ]
ERR: 无法加载模块:Css

[ 2015-04-14T21:56:07+08:00 ] 127.0.0.1 /order/code/css/bootstrap-cerulean.min.css
INFO: [ app_init ] --START--
INFO: Run Behavior\BuildLiteBehavior [ RunTime:0.000038s ]
INFO: [ app_init ] --END-- [ RunTime:0.001557s ]
ERR: 无法加载模块:Css

[ 2015-04-14T22:27:40+08:00 ] 127.0.0.1 /order/code/css/bootstrap-cerulean.min.css
INFO: [ app_init ] --START--
INFO: Run Behavior\BuildLiteBehavior [ RunTime:0.000029s ]
INFO: [ app_init ] --END-- [ RunTime:0.000719s ]
ERR: 无法加载模块:Css

[ 2015-04-14T22:31:32+08:00 ] 127.0.0.1 /order/code/css/bootstrap-cerulean.min.css
INFO: [ app_init ] --START--
INFO: Run Behavior\BuildLiteBehavior [ RunTime:0.000032s ]
INFO: [ app_init ] --END-- [ RunTime:0.000866s ]
ERR: 无法加载模块:Css

[ 2015-04-14T22:32:57+08:00 ] 127.0.0.1 /order/code/css/bootstrap-cerulean.min.css
INFO: [ app_init ] --START--
INFO: Run Behavior\BuildLiteBehavior [ RunTime:0.000026s ]
INFO: [ app_init ] --END-- [ RunTime:0.000526s ]
ERR: 无法加载模块:Css

