[ 2015-04-28T11:24:44+08:00 ] 127.0.0.1 /order/code/index.php/order/code/index.php/Home/Order/modifyInfo.html.html
INFO: [ app_init ] --START--
INFO: Run Behavior\BuildLiteBehavior [ RunTime:0.000015s ]
INFO: [ app_init ] --END-- [ RunTime:0.000325s ]
ERR: 无法加载模块:Order

[ 2015-04-28T11:25:08+08:00 ] 127.0.0.1 /order/code/index.php/order/code/index.php/Home/Order/modifyInfo.html
INFO: [ app_init ] --START--
INFO: Run Behavior\BuildLiteBehavior [ RunTime:0.000031s ]
INFO: [ app_init ] --END-- [ RunTime:0.000598s ]
ERR: 无法加载模块:Order

[ 2015-04-28T11:29:47+08:00 ] 127.0.0.1 /order/code/index.php/Order/modifyInfo/oid/9.html
INFO: [ app_init ] --START--
INFO: Run Behavior\BuildLiteBehavior [ RunTime:0.000016s ]
INFO: [ app_init ] --END-- [ RunTime:0.000387s ]
ERR: 无法加载模块:Order

[ 2015-04-28T18:30:14+08:00 ] 127.0.0.1 /order/code/index.php/Order/modifyInfo/oid/0.html
INFO: [ app_init ] --START--
INFO: Run Behavior\BuildLiteBehavior [ RunTime:0.000021s ]
INFO: [ app_init ] --END-- [ RunTime:0.000465s ]
ERR: 无法加载模块:Order

[ 2015-04-28T18:30:34+08:00 ] 127.0.0.1 /order/code/index.php/Order/modifyInfo/oid/0.html
INFO: [ app_init ] --START--
INFO: Run Behavior\BuildLiteBehavior [ RunTime:0.000017s ]
INFO: [ app_init ] --END-- [ RunTime:0.000377s ]
ERR: 无法加载模块:Order

